mode: atomic
github.com/pion/ion/pkg/node/islb/internal.go:17.92,19.27 2 0
github.com/pion/ion/pkg/node/islb/internal.go:19.27,20.39 1 0
github.com/pion/ion/pkg/node/islb/internal.go:20.39,25.4 4 0
github.com/pion/ion/pkg/node/islb/internal.go:26.8,26.36 1 0
github.com/pion/ion/pkg/node/islb/internal.go:26.36,27.38 1 0
github.com/pion/ion/pkg/node/islb/internal.go:27.38,31.24 4 0
github.com/pion/ion/pkg/node/islb/internal.go:34.4,34.24 1 0
github.com/pion/ion/pkg/node/islb/internal.go:31.24,33.5 1 0
github.com/pion/ion/pkg/node/islb/internal.go:39.41,42.45 3 0
github.com/pion/ion/pkg/node/islb/internal.go:42.45,45.17 3 0
github.com/pion/ion/pkg/node/islb/internal.go:48.3,49.17 2 0
github.com/pion/ion/pkg/node/islb/internal.go:45.17,47.4 1 0
github.com/pion/ion/pkg/node/islb/internal.go:49.17,51.4 1 0
github.com/pion/ion/pkg/node/islb/internal.go:56.24,59.39 3 0
github.com/pion/ion/pkg/node/islb/internal.go:59.39,62.3 2 0
github.com/pion/ion/pkg/node/islb/internal.go:65.30,67.12 2 0
github.com/pion/ion/pkg/node/islb/internal.go:67.12,68.53 1 0
github.com/pion/ion/pkg/node/islb/internal.go:82.3,82.48 1 0
github.com/pion/ion/pkg/node/islb/internal.go:68.53,70.40 2 0
github.com/pion/ion/pkg/node/islb/internal.go:70.40,73.19 2 0
github.com/pion/ion/pkg/node/islb/internal.go:79.5,79.10 1 0
github.com/pion/ion/pkg/node/islb/internal.go:73.19,77.6 3 0
github.com/pion/ion/pkg/node/islb/internal.go:87.92,90.24 3 0
github.com/pion/ion/pkg/node/islb/internal.go:93.2,93.15 1 0
github.com/pion/ion/pkg/node/islb/internal.go:117.2,117.32 1 0
github.com/pion/ion/pkg/node/islb/internal.go:129.2,129.87 1 0
github.com/pion/ion/pkg/node/islb/internal.go:90.24,92.3 1 0
github.com/pion/ion/pkg/node/islb/internal.go:93.15,96.46 3 0
github.com/pion/ion/pkg/node/islb/internal.go:96.46,99.18 3 0
github.com/pion/ion/pkg/node/islb/internal.go:102.4,102.34 1 0
github.com/pion/ion/pkg/node/islb/internal.go:99.18,100.10 1 0
github.com/pion/ion/pkg/node/islb/internal.go:102.34,105.59 3 0
github.com/pion/ion/pkg/node/islb/internal.go:105.59,111.6 5 0
github.com/pion/ion/pkg/node/islb/internal.go:117.32,118.38 1 0
github.com/pion/ion/pkg/node/islb/internal.go:118.38,126.4 7 0
github.com/pion/ion/pkg/node/islb/internal.go:132.86,145.16 7 0
github.com/pion/ion/pkg/node/islb/internal.go:148.2,149.16 2 0
github.com/pion/ion/pkg/node/islb/internal.go:153.2,154.34 2 0
github.com/pion/ion/pkg/node/islb/internal.go:180.2,186.24 6 0
github.com/pion/ion/pkg/node/islb/internal.go:145.16,147.3 1 0
github.com/pion/ion/pkg/node/islb/internal.go:149.16,151.3 1 0
github.com/pion/ion/pkg/node/islb/internal.go:154.34,156.47 2 0
github.com/pion/ion/pkg/node/islb/internal.go:167.3,168.17 2 0
github.com/pion/ion/pkg/node/islb/internal.go:172.3,174.17 3 0
github.com/pion/ion/pkg/node/islb/internal.go:156.47,166.4 2 0
github.com/pion/ion/pkg/node/islb/internal.go:168.17,170.12 2 0
github.com/pion/ion/pkg/node/islb/internal.go:174.17,176.4 1 0
github.com/pion/ion/pkg/node/islb/internal.go:189.89,194.15 4 0
github.com/pion/ion/pkg/node/islb/internal.go:203.2,204.45 2 0
github.com/pion/ion/pkg/node/islb/internal.go:211.2,211.24 1 0
github.com/pion/ion/pkg/node/islb/internal.go:194.15,197.3 2 0
github.com/pion/ion/pkg/node/islb/internal.go:197.8,197.22 1 0
github.com/pion/ion/pkg/node/islb/internal.go:197.22,199.3 1 0
github.com/pion/ion/pkg/node/islb/internal.go:199.8,201.3 1 0
github.com/pion/ion/pkg/node/islb/internal.go:204.45,207.17 3 0
github.com/pion/ion/pkg/node/islb/internal.go:207.17,209.4 1 0
github.com/pion/ion/pkg/node/islb/internal.go:214.84,222.45 6 0
github.com/pion/ion/pkg/node/islb/internal.go:246.2,249.18 4 0
github.com/pion/ion/pkg/node/islb/internal.go:222.45,225.17 3 0
github.com/pion/ion/pkg/node/islb/internal.go:228.3,232.39 4 0
github.com/pion/ion/pkg/node/islb/internal.go:242.3,243.27 2 0
github.com/pion/ion/pkg/node/islb/internal.go:225.17,227.4 1 0
github.com/pion/ion/pkg/node/islb/internal.go:232.39,233.40 1 0
github.com/pion/ion/pkg/node/islb/internal.go:233.40,235.19 2 0
github.com/pion/ion/pkg/node/islb/internal.go:238.5,239.26 2 0
github.com/pion/ion/pkg/node/islb/internal.go:235.19,237.6 1 0
github.com/pion/ion/pkg/node/islb/internal.go:252.87,260.16 7 0
github.com/pion/ion/pkg/node/islb/internal.go:263.2,266.24 4 0
github.com/pion/ion/pkg/node/islb/internal.go:260.16,262.3 1 0
github.com/pion/ion/pkg/node/islb/internal.go:269.88,275.16 6 0
github.com/pion/ion/pkg/node/islb/internal.go:278.2,283.24 5 0
github.com/pion/ion/pkg/node/islb/internal.go:275.16,277.3 1 0
github.com/pion/ion/pkg/node/islb/internal.go:286.89,293.51 5 0
github.com/pion/ion/pkg/node/islb/internal.go:314.2,314.57 1 0
github.com/pion/ion/pkg/node/islb/internal.go:293.51,298.34 5 0
github.com/pion/ion/pkg/node/islb/internal.go:309.3,311.19 3 0
github.com/pion/ion/pkg/node/islb/internal.go:298.34,299.40 1 0
github.com/pion/ion/pkg/node/islb/internal.go:299.40,301.19 2 0
github.com/pion/ion/pkg/node/islb/internal.go:304.5,305.26 2 0
github.com/pion/ion/pkg/node/islb/internal.go:301.19,303.6 1 0
github.com/pion/ion/pkg/node/islb/internal.go:317.82,325.23 7 0
github.com/pion/ion/pkg/node/islb/internal.go:330.2,330.24 1 0
github.com/pion/ion/pkg/node/islb/internal.go:325.23,329.3 2 0
github.com/pion/ion/pkg/node/islb/internal.go:333.84,341.23 6 0
github.com/pion/ion/pkg/node/islb/internal.go:347.2,349.18 3 0
github.com/pion/ion/pkg/node/islb/internal.go:341.23,345.3 2 0
github.com/pion/ion/pkg/node/islb/internal.go:352.86,360.2 7 0
github.com/pion/ion/pkg/node/islb/internal.go:362.34,365.117 2 0
github.com/pion/ion/pkg/node/islb/internal.go:365.117,366.97 1 0
github.com/pion/ion/pkg/node/islb/internal.go:366.97,374.18 6 0
github.com/pion/ion/pkg/node/islb/internal.go:397.4,397.18 1 0
github.com/pion/ion/pkg/node/islb/internal.go:375.31,376.40 1 0
github.com/pion/ion/pkg/node/islb/internal.go:377.31,378.34 1 0
github.com/pion/ion/pkg/node/islb/internal.go:379.34,380.37 1 0
github.com/pion/ion/pkg/node/islb/internal.go:381.27,382.32 1 0
github.com/pion/ion/pkg/node/islb/internal.go:383.32,384.35 1 0
github.com/pion/ion/pkg/node/islb/internal.go:385.33,386.36 1 0
github.com/pion/ion/pkg/node/islb/internal.go:387.32,388.37 1 0
github.com/pion/ion/pkg/node/islb/internal.go:389.25,390.30 1 0
github.com/pion/ion/pkg/node/islb/internal.go:391.27,392.32 1 0
github.com/pion/ion/pkg/node/islb/internal.go:393.31,394.34 1 0
github.com/pion/ion/pkg/node/islb/internal.go:397.18,399.5 1 0
github.com/pion/ion/pkg/node/islb/internal.go:399.10,401.5 1 0
github.com/pion/ion/pkg/rtc/rtpengine/muxrtp/sessionrtp.go:15.56,28.16 4 0
github.com/pion/ion/pkg/rtc/rtpengine/muxrtp/sessionrtp.go:31.2,31.15 1 0
github.com/pion/ion/pkg/rtc/rtpengine/muxrtp/sessionrtp.go:28.16,30.3 1 0
github.com/pion/ion/pkg/rtc/rtpengine/muxrtp/sessionrtp.go:41.65,43.2 1 0
github.com/pion/ion/pkg/rtc/rtpengine/muxrtp/sessionrtp.go:47.74,50.46 2 0
github.com/pion/ion/pkg/rtc/rtpengine/muxrtp/sessionrtp.go:54.2,54.81 1 0
github.com/pion/ion/pkg/rtc/rtpengine/muxrtp/sessionrtp.go:50.46,52.3 1 0
github.com/pion/ion/pkg/rtc/rtpengine/muxrtp/sessionrtp.go:58.69,60.9 2 0
github.com/pion/ion/pkg/rtc/rtpengine/muxrtp/sessionrtp.go:64.2,65.9 2 0
github.com/pion/ion/pkg/rtc/rtpengine/muxrtp/sessionrtp.go:69.2,69.42 1 0
github.com/pion/ion/pkg/rtc/rtpengine/muxrtp/sessionrtp.go:60.9,62.3 1 0
github.com/pion/ion/pkg/rtc/rtpengine/muxrtp/sessionrtp.go:65.9,67.3 1 0
github.com/pion/ion/pkg/rtc/rtpengine/muxrtp/sessionrtp.go:73.36,75.2 1 0
github.com/pion/ion/pkg/rtc/rtpengine/muxrtp/sessionrtp.go:77.51,81.16 3 0
github.com/pion/ion/pkg/rtc/rtpengine/muxrtp/sessionrtp.go:85.2,85.51 1 0
github.com/pion/ion/pkg/rtc/rtpengine/muxrtp/sessionrtp.go:81.16,83.3 1 0
github.com/pion/ion/pkg/rtc/rtpengine/muxrtp/sessionrtp.go:88.80,89.38 1 0
github.com/pion/ion/pkg/rtc/rtpengine/muxrtp/sessionrtp.go:92.2,94.16 3 0
github.com/pion/ion/pkg/rtc/rtpengine/muxrtp/sessionrtp.go:98.2,98.38 1 0
github.com/pion/ion/pkg/rtc/rtpengine/muxrtp/sessionrtp.go:89.38,91.3 1 0
github.com/pion/ion/pkg/rtc/rtpengine/muxrtp/sessionrtp.go:94.16,96.3 1 0
github.com/pion/ion/pkg/rtc/rtpengine/muxrtp/sessionrtp.go:101.47,103.41 2 0
github.com/pion/ion/pkg/rtc/rtpengine/muxrtp/sessionrtp.go:107.2,108.14 2 0
github.com/pion/ion/pkg/rtc/rtpengine/muxrtp/sessionrtp.go:114.2,115.9 2 0
github.com/pion/ion/pkg/rtc/rtpengine/muxrtp/sessionrtp.go:119.2,120.16 2 0
github.com/pion/ion/pkg/rtc/rtpengine/muxrtp/sessionrtp.go:124.2,124.12 1 0
github.com/pion/ion/pkg/rtc/rtpengine/muxrtp/sessionrtp.go:103.41,105.3 1 0
github.com/pion/ion/pkg/rtc/rtpengine/muxrtp/sessionrtp.go:108.14,110.3 1 0
github.com/pion/ion/pkg/rtc/rtpengine/muxrtp/sessionrtp.go:110.8,110.18 1 0
github.com/pion/ion/pkg/rtc/rtpengine/muxrtp/sessionrtp.go:110.18,112.3 1 0
github.com/pion/ion/pkg/rtc/rtpengine/muxrtp/sessionrtp.go:115.9,117.3 1 0
github.com/pion/ion/pkg/rtc/rtpengine/muxrtp/sessionrtp.go:120.16,122.3 1 0
github.com/pion/ion/pkg/rtc/rtpengine/muxrtp/mux/mux.go:30.33,41.2 3 0
github.com/pion/ion/pkg/rtc/rtpengine/muxrtp/mux/mux.go:44.50,60.2 6 0
github.com/pion/ion/pkg/rtc/rtpengine/muxrtp/mux/mux.go:63.43,67.2 3 0
github.com/pion/ion/pkg/rtc/rtpengine/muxrtp/mux/mux.go:70.29,72.29 2 0
github.com/pion/ion/pkg/rtc/rtpengine/muxrtp/mux/mux.go:80.2,83.16 3 0
github.com/pion/ion/pkg/rtc/rtpengine/muxrtp/mux/mux.go:88.2,90.12 2 0
github.com/pion/ion/pkg/rtc/rtpengine/muxrtp/mux/mux.go:72.29,74.17 2 0
github.com/pion/ion/pkg/rtc/rtpengine/muxrtp/mux/mux.go:78.3,78.25 1 0
github.com/pion/ion/pkg/rtc/rtpengine/muxrtp/mux/mux.go:74.17,76.4 1 0
github.com/pion/ion/pkg/rtc/rtpengine/muxrtp/mux/mux.go:83.16,85.3 1 0
github.com/pion/ion/pkg/rtc/rtpengine/muxrtp/mux/mux.go:93.26,94.15 1 0
github.com/pion/ion/pkg/rtc/rtpengine/muxrtp/mux/mux.go:98.2,99.6 2 0
github.com/pion/ion/pkg/rtc/rtpengine/muxrtp/mux/mux.go:94.15,96.3 1 0
github.com/pion/ion/pkg/rtc/rtpengine/muxrtp/mux/mux.go:99.6,101.17 2 0
github.com/pion/ion/pkg/rtc/rtpengine/muxrtp/mux/mux.go:105.3,106.17 2 0
github.com/pion/ion/pkg/rtc/rtpengine/muxrtp/mux/mux.go:101.17,103.4 1 0
github.com/pion/ion/pkg/rtc/rtpengine/muxrtp/mux/mux.go:106.17,108.4 1 0
github.com/pion/ion/pkg/rtc/rtpengine/muxrtp/mux/mux.go:112.42,116.32 3 0
github.com/pion/ion/pkg/rtc/rtpengine/muxrtp/mux/mux.go:122.2,124.21 2 0
github.com/pion/ion/pkg/rtc/rtpengine/muxrtp/mux/mux.go:128.2,129.16 2 0
github.com/pion/ion/pkg/rtc/rtpengine/muxrtp/mux/mux.go:133.2,133.12 1 0
github.com/pion/ion/pkg/rtc/rtpengine/muxrtp/mux/mux.go:116.32,117.13 1 0
github.com/pion/ion/pkg/rtc/rtpengine/muxrtp/mux/mux.go:117.13,119.9 2 0
github.com/pion/ion/pkg/rtc/rtpengine/muxrtp/mux/mux.go:124.21,126.3 1 0
github.com/pion/ion/pkg/rtc/rtpengine/muxrtp/mux/mux.go:129.16,131.3 1 0
github.com/pion/ion/pkg/rtc/plugins/jitterbuffer.go:45.63,54.2 5 0
github.com/pion/ion/pkg/rtc/plugins/jitterbuffer.go:57.56,60.39 3 0
github.com/pion/ion/pkg/rtc/plugins/jitterbuffer.go:64.2,64.37 1 0
github.com/pion/ion/pkg/rtc/plugins/jitterbuffer.go:68.2,68.42 1 0
github.com/pion/ion/pkg/rtc/plugins/jitterbuffer.go:72.2,72.58 1 0
github.com/pion/ion/pkg/rtc/plugins/jitterbuffer.go:60.39,62.3 1 0
github.com/pion/ion/pkg/rtc/plugins/jitterbuffer.go:64.37,66.3 1 0
github.com/pion/ion/pkg/rtc/plugins/jitterbuffer.go:68.42,70.3 1 0
github.com/pion/ion/pkg/rtc/plugins/jitterbuffer.go:76.36,78.2 1 0
github.com/pion/ion/pkg/rtc/plugins/jitterbuffer.go:81.57,83.12 2 0
github.com/pion/ion/pkg/rtc/plugins/jitterbuffer.go:83.12,84.7 1 0
github.com/pion/ion/pkg/rtc/plugins/jitterbuffer.go:84.7,85.14 1 0
github.com/pion/ion/pkg/rtc/plugins/jitterbuffer.go:88.4,89.18 2 0
github.com/pion/ion/pkg/rtc/plugins/jitterbuffer.go:94.4,95.18 2 0
github.com/pion/ion/pkg/rtc/plugins/jitterbuffer.go:85.14,87.5 1 0
github.com/pion/ion/pkg/rtc/plugins/jitterbuffer.go:89.18,91.13 2 0
github.com/pion/ion/pkg/rtc/plugins/jitterbuffer.go:95.18,97.13 2 0
github.com/pion/ion/pkg/rtc/plugins/jitterbuffer.go:104.55,111.2 6 0
github.com/pion/ion/pkg/rtc/plugins/jitterbuffer.go:114.55,116.2 1 0
github.com/pion/ion/pkg/rtc/plugins/jitterbuffer.go:119.56,121.2 1 0
github.com/pion/ion/pkg/rtc/plugins/jitterbuffer.go:124.56,129.22 3 0
github.com/pion/ion/pkg/rtc/plugins/jitterbuffer.go:143.2,144.12 2 0
github.com/pion/ion/pkg/rtc/plugins/jitterbuffer.go:129.22,131.20 2 0
github.com/pion/ion/pkg/rtc/plugins/jitterbuffer.go:137.3,137.20 1 0
github.com/pion/ion/pkg/rtc/plugins/jitterbuffer.go:141.3,141.19 1 0
github.com/pion/ion/pkg/rtc/plugins/jitterbuffer.go:131.20,135.4 3 0
github.com/pion/ion/pkg/rtc/plugins/jitterbuffer.go:137.20,139.4 1 0
github.com/pion/ion/pkg/rtc/plugins/jitterbuffer.go:148.53,150.2 1 0
github.com/pion/ion/pkg/rtc/plugins/jitterbuffer.go:152.44,153.12 1 0
github.com/pion/ion/pkg/rtc/plugins/jitterbuffer.go:153.12,154.37 1 0
github.com/pion/ion/pkg/rtc/plugins/jitterbuffer.go:154.37,155.14 1 0
github.com/pion/ion/pkg/rtc/plugins/jitterbuffer.go:158.4,158.20 1 0
github.com/pion/ion/pkg/rtc/plugins/jitterbuffer.go:161.4,162.18 2 0
github.com/pion/ion/pkg/rtc/plugins/jitterbuffer.go:155.14,157.5 1 0
github.com/pion/ion/pkg/rtc/plugins/jitterbuffer.go:158.20,159.13 1 0
github.com/pion/ion/pkg/rtc/plugins/jitterbuffer.go:162.18,164.5 1 0
github.com/pion/ion/pkg/rtc/plugins/jitterbuffer.go:169.35,170.12 1 0
github.com/pion/ion/pkg/rtc/plugins/jitterbuffer.go:170.12,171.7 1 0
github.com/pion/ion/pkg/rtc/plugins/jitterbuffer.go:171.7,172.14 1 0
github.com/pion/ion/pkg/rtc/plugins/jitterbuffer.go:176.4,176.31 1 0
github.com/pion/ion/pkg/rtc/plugins/jitterbuffer.go:181.4,182.42 2 0
github.com/pion/ion/pkg/rtc/plugins/jitterbuffer.go:172.14,174.5 1 0
github.com/pion/ion/pkg/rtc/plugins/jitterbuffer.go:176.31,178.13 2 0
github.com/pion/ion/pkg/rtc/plugins/jitterbuffer.go:182.42,184.47 1 0
github.com/pion/ion/pkg/rtc/plugins/jitterbuffer.go:187.5,189.44 3 0
github.com/pion/ion/pkg/rtc/plugins/jitterbuffer.go:197.5,197.26 1 0
github.com/pion/ion/pkg/rtc/plugins/jitterbuffer.go:201.5,201.43 1 0
github.com/pion/ion/pkg/rtc/plugins/jitterbuffer.go:205.5,211.21 2 0
github.com/pion/ion/pkg/rtc/plugins/jitterbuffer.go:214.5,215.19 2 0
github.com/pion/ion/pkg/rtc/plugins/jitterbuffer.go:184.47,185.14 1 0
github.com/pion/ion/pkg/rtc/plugins/jitterbuffer.go:189.44,191.6 1 0
github.com/pion/ion/pkg/rtc/plugins/jitterbuffer.go:191.11,191.51 1 0
github.com/pion/ion/pkg/rtc/plugins/jitterbuffer.go:191.51,193.6 1 0
github.com/pion/ion/pkg/rtc/plugins/jitterbuffer.go:193.11,195.6 1 0
github.com/pion/ion/pkg/rtc/plugins/jitterbuffer.go:197.26,199.6 1 0
github.com/pion/ion/pkg/rtc/plugins/jitterbuffer.go:201.43,203.6 1 0
github.com/pion/ion/pkg/rtc/plugins/jitterbuffer.go:211.21,212.14 1 0
github.com/pion/ion/pkg/rtc/plugins/jitterbuffer.go:215.19,217.6 1 0
github.com/pion/ion/pkg/rtc/plugins/jitterbuffer.go:223.34,224.12 1 0
github.com/pion/ion/pkg/rtc/plugins/jitterbuffer.go:224.12,225.7 1 0
github.com/pion/ion/pkg/rtc/plugins/jitterbuffer.go:225.7,226.14 1 0
github.com/pion/ion/pkg/rtc/plugins/jitterbuffer.go:230.4,230.30 1 0
github.com/pion/ion/pkg/rtc/plugins/jitterbuffer.go:234.4,235.42 2 0
github.com/pion/ion/pkg/rtc/plugins/jitterbuffer.go:226.14,228.5 1 0
github.com/pion/ion/pkg/rtc/plugins/jitterbuffer.go:230.30,232.13 2 0
github.com/pion/ion/pkg/rtc/plugins/jitterbuffer.go:235.42,236.46 1 0
github.com/pion/ion/pkg/rtc/plugins/jitterbuffer.go:236.46,238.22 2 0
github.com/pion/ion/pkg/rtc/plugins/jitterbuffer.go:242.6,243.20 2 0
github.com/pion/ion/pkg/rtc/plugins/jitterbuffer.go:238.22,239.15 1 0
github.com/pion/ion/pkg/rtc/plugins/jitterbuffer.go:243.20,245.7 1 0
github.com/pion/ion/pkg/rtc/plugins/jitterbuffer.go:253.70,255.19 2 0
github.com/pion/ion/pkg/rtc/plugins/jitterbuffer.go:258.2,258.29 1 0
github.com/pion/ion/pkg/rtc/plugins/jitterbuffer.go:255.19,257.3 1 0
github.com/pion/ion/pkg/rtc/plugins/jitterbuffer.go:262.31,263.12 1 0
github.com/pion/ion/pkg/rtc/plugins/jitterbuffer.go:266.2,267.35 2 0
github.com/pion/ion/pkg/rtc/plugins/jitterbuffer.go:270.2,270.17 1 0
github.com/pion/ion/pkg/rtc/plugins/jitterbuffer.go:263.12,265.3 1 0
github.com/pion/ion/pkg/rtc/plugins/jitterbuffer.go:267.35,269.3 1 0
github.com/pion/ion/pkg/rtc/plugins/jitterbuffer.go:274.38,276.38 2 0
github.com/pion/ion/pkg/rtc/plugins/jitterbuffer.go:279.2,279.12 1 0
github.com/pion/ion/pkg/rtc/plugins/jitterbuffer.go:276.38,278.3 1 0
github.com/pion/ion/pkg/rtc/plugins/plugin.go:44.36,46.2 1 0
github.com/pion/ion/pkg/rtc/plugins/plugin.go:48.45,49.12 1 0
github.com/pion/ion/pkg/rtc/plugins/plugin.go:54.2,56.24 3 0
github.com/pion/ion/pkg/rtc/plugins/plugin.go:59.2,61.25 2 0
github.com/pion/ion/pkg/rtc/plugins/plugin.go:49.12,51.3 1 0
github.com/pion/ion/pkg/rtc/plugins/plugin.go:56.24,58.3 1 0
github.com/pion/ion/pkg/rtc/plugins/plugin.go:64.40,69.28 3 0
github.com/pion/ion/pkg/rtc/plugins/plugin.go:74.2,74.28 1 0
github.com/pion/ion/pkg/rtc/plugins/plugin.go:78.2,78.12 1 0
github.com/pion/ion/pkg/rtc/plugins/plugin.go:82.2,82.12 1 0
github.com/pion/ion/pkg/rtc/plugins/plugin.go:69.28,71.3 1 0
github.com/pion/ion/pkg/rtc/plugins/plugin.go:74.28,76.3 1 0
github.com/pion/ion/pkg/rtc/plugins/plugin.go:78.12,80.3 1 0
github.com/pion/ion/pkg/rtc/plugins/plugin.go:85.49,90.28 3 0
github.com/pion/ion/pkg/rtc/plugins/plugin.go:97.2,97.28 1 0
github.com/pion/ion/pkg/rtc/plugins/plugin.go:104.2,104.35 1 0
github.com/pion/ion/pkg/rtc/plugins/plugin.go:118.2,118.30 1 0
github.com/pion/ion/pkg/rtc/plugins/plugin.go:121.2,121.12 1 0
github.com/pion/ion/pkg/rtc/plugins/plugin.go:90.28,94.3 3 0
github.com/pion/ion/pkg/rtc/plugins/plugin.go:97.28,101.3 3 0
github.com/pion/ion/pkg/rtc/plugins/plugin.go:104.35,105.13 1 0
github.com/pion/ion/pkg/rtc/plugins/plugin.go:108.3,108.33 1 0
github.com/pion/ion/pkg/rtc/plugins/plugin.go:105.13,106.12 1 0
github.com/pion/ion/pkg/rtc/plugins/plugin.go:108.33,109.46 1 0
github.com/pion/ion/pkg/rtc/plugins/plugin.go:109.46,111.19 2 0
github.com/pion/ion/pkg/rtc/plugins/plugin.go:111.19,113.6 1 0
github.com/pion/ion/pkg/rtc/plugins/plugin.go:118.30,120.3 1 0
github.com/pion/ion/pkg/rtc/plugins/plugin.go:124.33,126.2 1 0
github.com/pion/ion/pkg/rtc/plugins/plugin.go:128.58,130.25 2 0
github.com/pion/ion/pkg/rtc/plugins/plugin.go:130.25,133.3 2 0
github.com/pion/ion/pkg/rtc/plugins/plugin.go:137.54,141.2 3 0
github.com/pion/ion/pkg/rtc/plugins/plugin.go:144.51,147.38 3 0
github.com/pion/ion/pkg/rtc/plugins/plugin.go:152.2,152.12 1 0
github.com/pion/ion/pkg/rtc/plugins/plugin.go:147.38,148.30 1 0
github.com/pion/ion/pkg/rtc/plugins/plugin.go:148.30,150.4 1 0
github.com/pion/ion/pkg/rtc/plugins/plugin.go:156.45,160.2 3 0
github.com/pion/ion/pkg/rtc/plugins/plugin.go:163.44,166.38 3 0
github.com/pion/ion/pkg/rtc/plugins/plugin.go:166.38,167.30 1 0
github.com/pion/ion/pkg/rtc/plugins/plugin.go:167.30,170.4 2 0
github.com/pion/ion/pkg/rtc/plugins/plugin.go:175.40,178.35 3 0
github.com/pion/ion/pkg/rtc/plugins/plugin.go:181.2,181.17 1 0
github.com/pion/ion/pkg/rtc/plugins/plugin.go:178.35,180.3 1 0
github.com/pion/ion/pkg/rtc/plugins/plugin.go:184.31,185.12 1 0
github.com/pion/ion/pkg/rtc/plugins/plugin.go:188.2,189.20 2 0
github.com/pion/ion/pkg/rtc/plugins/plugin.go:185.12,187.3 1 0
github.com/pion/ion/pkg/db/redis.go:27.32,28.23 1 0
github.com/pion/ion/pkg/db/redis.go:32.2,33.23 2 0
github.com/pion/ion/pkg/db/redis.go:53.2,61.47 2 0
github.com/pion/ion/pkg/db/redis.go:64.2,66.10 3 0
github.com/pion/ion/pkg/db/redis.go:28.23,30.3 1 0
github.com/pion/ion/pkg/db/redis.go:33.23,43.47 2 0
github.com/pion/ion/pkg/db/redis.go:47.3,50.11 4 0
github.com/pion/ion/pkg/db/redis.go:43.47,46.4 2 0
github.com/pion/ion/pkg/db/redis.go:61.47,63.3 1 0
github.com/pion/ion/pkg/db/redis.go:69.57,72.19 3 0
github.com/pion/ion/pkg/db/redis.go:75.2,75.36 1 0
github.com/pion/ion/pkg/db/redis.go:72.19,74.3 1 0
github.com/pion/ion/pkg/db/redis.go:78.43,81.19 3 0
github.com/pion/ion/pkg/db/redis.go:84.2,84.30 1 0
github.com/pion/ion/pkg/db/redis.go:81.19,83.3 1 0
github.com/pion/ion/pkg/db/redis.go:87.64,90.19 3 0
github.com/pion/ion/pkg/db/redis.go:93.2,93.45 1 0
github.com/pion/ion/pkg/db/redis.go:90.19,92.3 1 0
github.com/pion/ion/pkg/db/redis.go:96.46,99.19 3 0
github.com/pion/ion/pkg/db/redis.go:102.2,102.38 1 0
github.com/pion/ion/pkg/db/redis.go:99.19,101.3 1 0
github.com/pion/ion/pkg/db/redis.go:105.53,108.19 3 0
github.com/pion/ion/pkg/db/redis.go:111.2,111.34 1 0
github.com/pion/ion/pkg/db/redis.go:108.19,110.3 1 0
github.com/pion/ion/pkg/db/redis.go:114.45,117.19 3 0
github.com/pion/ion/pkg/db/redis.go:120.2,120.38 1 0
github.com/pion/ion/pkg/db/redis.go:117.19,119.3 1 0
github.com/pion/ion/pkg/db/redis.go:123.57,126.19 3 0
github.com/pion/ion/pkg/db/redis.go:130.2,130.36 1 0
github.com/pion/ion/pkg/db/redis.go:126.19,128.3 1 0
github.com/pion/ion/pkg/db/redis.go:133.84,136.19 3 0
github.com/pion/ion/pkg/db/redis.go:142.2,142.61 1 0
github.com/pion/ion/pkg/db/redis.go:145.2,145.36 1 0
github.com/pion/ion/pkg/db/redis.go:136.19,137.63 1 0
github.com/pion/ion/pkg/db/redis.go:140.3,140.38 1 0
github.com/pion/ion/pkg/db/redis.go:137.63,139.4 1 0
github.com/pion/ion/pkg/db/redis.go:142.61,144.3 1 0
github.com/pion/ion/pkg/db/redis.go:148.41,151.19 3 0
github.com/pion/ion/pkg/db/redis.go:154.2,154.31 1 0
github.com/pion/ion/pkg/db/redis.go:151.19,153.3 1 0
github.com/pion/ion/pkg/db/redis.go:157.37,160.19 3 0
github.com/pion/ion/pkg/db/redis.go:163.2,163.30 1 0
github.com/pion/ion/pkg/db/redis.go:160.19,162.3 1 0
github.com/pion/ion/pkg/db/redis.go:167.75,169.19 2 0
github.com/pion/ion/pkg/db/redis.go:175.2,176.12 2 0
github.com/pion/ion/pkg/db/redis.go:191.2,191.12 1 0
github.com/pion/ion/pkg/db/redis.go:169.19,171.3 1 0
github.com/pion/ion/pkg/db/redis.go:171.8,173.3 1 0
github.com/pion/ion/pkg/db/redis.go:176.12,177.7 1 0
github.com/pion/ion/pkg/db/redis.go:177.7,178.11 1 0
github.com/pion/ion/pkg/db/redis.go:179.35,182.14 3 0
github.com/pion/ion/pkg/db/redis.go:183.22,186.11 3 0
github.com/pion/ion/pkg/signal/init.go:31.154,42.2 10 0
github.com/pion/ion/pkg/signal/init.go:44.13,47.16 3 0
github.com/pion/ion/pkg/signal/init.go:47.16,51.21 4 0
github.com/pion/ion/pkg/signal/init.go:54.3,54.32 1 0
github.com/pion/ion/pkg/signal/init.go:60.3,61.12 2 0
github.com/pion/ion/pkg/signal/init.go:51.21,53.4 1 0
github.com/pion/ion/pkg/signal/init.go:54.32,56.33 2 0
github.com/pion/ion/pkg/signal/init.go:56.33,58.5 1 0
github.com/pion/ion/pkg/signal/init.go:61.12,63.4 1 0
github.com/pion/ion/pkg/node/biz/client.go:20.75,24.2 2 0
github.com/pion/ion/pkg/node/biz/client.go:27.73,32.19 3 0
github.com/pion/ion/pkg/node/biz/client.go:37.2,37.31 1 0
github.com/pion/ion/pkg/node/biz/client.go:40.2,43.12 3 0
github.com/pion/ion/pkg/node/biz/client.go:47.2,52.39 4 0
github.com/pion/ion/pkg/node/biz/client.go:81.2,81.22 1 0
github.com/pion/ion/pkg/node/biz/client.go:32.19,34.3 1 0
github.com/pion/ion/pkg/node/biz/client.go:37.31,39.3 1 0
github.com/pion/ion/pkg/node/biz/client.go:43.12,45.3 1 0
github.com/pion/ion/pkg/node/biz/client.go:52.39,54.29 2 0
github.com/pion/ion/pkg/node/biz/client.go:57.4,58.29 2 0
github.com/pion/ion/pkg/node/biz/client.go:54.29,56.5 1 0
github.com/pion/ion/pkg/node/biz/client.go:58.29,67.19 8 0
github.com/pion/ion/pkg/node/biz/client.go:70.5,72.18 2 0
github.com/pion/ion/pkg/node/biz/client.go:67.19,69.6 1 0
github.com/pion/ion/pkg/node/biz/client.go:72.18,74.6 1 0
github.com/pion/ion/pkg/node/biz/client.go:77.29,79.4 0 0
github.com/pion/ion/pkg/node/biz/client.go:84.75,91.19 4 0
github.com/pion/ion/pkg/node/biz/client.go:95.2,98.12 3 0
github.com/pion/ion/pkg/node/biz/client.go:102.2,105.22 4 0
github.com/pion/ion/pkg/node/biz/client.go:91.19,93.3 1 0
github.com/pion/ion/pkg/node/biz/client.go:98.12,100.3 1 0
github.com/pion/ion/pkg/node/biz/client.go:108.81,111.2 2 0
github.com/pion/ion/pkg/node/biz/client.go:113.79,117.16 3 0
github.com/pion/ion/pkg/node/biz/client.go:122.2,125.17 4 0
github.com/pion/ion/pkg/node/biz/client.go:129.2,132.16 4 0
github.com/pion/ion/pkg/node/biz/client.go:137.2,141.12 5 0
github.com/pion/ion/pkg/node/biz/client.go:144.2,145.20 2 0
github.com/pion/ion/pkg/node/biz/client.go:117.16,120.3 2 0
github.com/pion/ion/pkg/node/biz/client.go:125.17,127.3 1 0
github.com/pion/ion/pkg/node/biz/client.go:132.16,135.3 2 0
github.com/pion/ion/pkg/node/biz/client.go:141.12,143.3 1 0
github.com/pion/ion/pkg/node/biz/client.go:149.83,157.16 6 0
github.com/pion/ion/pkg/node/biz/client.go:162.2,163.16 2 0
github.com/pion/ion/pkg/node/biz/client.go:167.2,168.12 2 0
github.com/pion/ion/pkg/node/biz/client.go:173.2,174.22 2 0
github.com/pion/ion/pkg/node/biz/client.go:157.16,160.3 2 0
github.com/pion/ion/pkg/node/biz/client.go:163.16,165.3 1 0
github.com/pion/ion/pkg/node/biz/client.go:168.12,170.3 1 0
github.com/pion/ion/pkg/node/biz/client.go:177.83,182.15 3 0
github.com/pion/ion/pkg/node/biz/client.go:188.2,189.16 2 0
github.com/pion/ion/pkg/node/biz/client.go:195.2,195.30 1 0
github.com/pion/ion/pkg/node/biz/client.go:199.2,206.12 6 0
github.com/pion/ion/pkg/node/biz/client.go:210.2,211.16 2 0
github.com/pion/ion/pkg/node/biz/client.go:215.2,216.16 2 0
github.com/pion/ion/pkg/node/biz/client.go:221.2,222.20 2 0
github.com/pion/ion/pkg/node/biz/client.go:182.15,184.3 1 0
github.com/pion/ion/pkg/node/biz/client.go:184.8,184.31 1 0
github.com/pion/ion/pkg/node/biz/client.go:184.31,186.3 1 0
github.com/pion/ion/pkg/node/biz/client.go:189.16,192.3 2 0
github.com/pion/ion/pkg/node/biz/client.go:195.30,197.3 1 0
github.com/pion/ion/pkg/node/biz/client.go:206.12,208.3 1 0
github.com/pion/ion/pkg/node/biz/client.go:211.16,214.3 2 0
github.com/pion/ion/pkg/node/biz/client.go:216.16,219.3 2 0
github.com/pion/ion/pkg/node/biz/client.go:225.87,230.15 3 0
github.com/pion/ion/pkg/node/biz/client.go:234.2,235.16 2 0
github.com/pion/ion/pkg/node/biz/client.go:240.2,241.16 2 0
github.com/pion/ion/pkg/node/biz/client.go:246.2,247.20 2 0
github.com/pion/ion/pkg/node/biz/client.go:230.15,232.3 1 0
github.com/pion/ion/pkg/node/biz/client.go:235.16,238.3 2 0
github.com/pion/ion/pkg/node/biz/client.go:241.16,244.3 2 0
github.com/pion/ion/pkg/node/biz/client.go:250.83,254.36 2 0
github.com/pion/ion/pkg/node/biz/client.go:258.2,259.12 2 0
github.com/pion/ion/pkg/node/biz/client.go:262.2,264.22 3 0
github.com/pion/ion/pkg/node/biz/client.go:254.36,256.3 1 0
github.com/pion/ion/pkg/node/biz/client.go:259.12,261.3 1 0
github.com/pion/ion/pkg/node/biz/client.go:267.79,272.36 3 0
github.com/pion/ion/pkg/node/biz/client.go:276.2,277.16 2 0
github.com/pion/ion/pkg/node/biz/client.go:282.2,285.22 3 0
github.com/pion/ion/pkg/node/biz/client.go:272.36,274.3 1 0
github.com/pion/ion/pkg/node/biz/client.go:277.16,280.3 2 0
github.com/pion/ion/pkg/rtc/rtpengine/muxrtp/mux/muxfunc.go:12.30,14.2 1 0
github.com/pion/ion/pkg/rtc/rtpengine/muxrtp/mux/muxfunc.go:17.31,19.2 1 0
github.com/pion/ion/pkg/rtc/rtpengine/muxrtp/mux/muxfunc.go:22.46,23.31 1 1
github.com/pion/ion/pkg/rtc/rtpengine/muxrtp/mux/muxfunc.go:23.31,24.19 1 0
github.com/pion/ion/pkg/rtc/rtpengine/muxrtp/mux/muxfunc.go:27.3,28.34 2 0
github.com/pion/ion/pkg/rtc/rtpengine/muxrtp/mux/muxfunc.go:24.19,26.4 1 0
github.com/pion/ion/pkg/rtc/rtpengine/muxrtp/mux/muxfunc.go:48.31,50.2 1 0
github.com/pion/ion/pkg/rtc/rtpengine/muxrtp/mux/muxfunc.go:54.31,56.2 1 0
github.com/pion/ion/pkg/rtc/rtpengine/muxrtp/mux/muxfunc.go:64.31,66.2 1 0
github.com/pion/ion/pkg/rtc/rtpengine/muxrtp/mux/muxfunc.go:70.36,72.2 1 0
github.com/pion/ion/pkg/rtc/rtpengine/muxrtp/mux/muxfunc.go:74.30,76.18 1 0
github.com/pion/ion/pkg/rtc/rtpengine/muxrtp/mux/muxfunc.go:80.2,82.74 3 0
github.com/pion/ion/pkg/rtc/rtpengine/muxrtp/mux/muxfunc.go:88.2,88.14 1 0
github.com/pion/ion/pkg/rtc/rtpengine/muxrtp/mux/muxfunc.go:76.18,78.3 1 0
github.com/pion/ion/pkg/rtc/rtpengine/muxrtp/mux/muxfunc.go:82.74,84.3 1 0
github.com/pion/ion/pkg/rtc/rtpengine/muxrtp/mux/muxfunc.go:84.8,84.59 1 0
github.com/pion/ion/pkg/rtc/rtpengine/muxrtp/mux/muxfunc.go:84.59,86.3 1 0
github.com/pion/ion/pkg/rtc/rtpengine/muxrtp/mux/muxfunc.go:92.32,94.2 1 0
github.com/pion/ion/pkg/rtc/rtpengine/muxrtp/mux/muxfunc.go:97.33,99.2 1 0
github.com/pion/ion/pkg/proto/proto.go:58.78,61.2 2 1
github.com/pion/ion/pkg/proto/proto.go:72.53,75.19 3 1
github.com/pion/ion/pkg/proto/proto.go:78.2,83.19 6 1
github.com/pion/ion/pkg/proto/proto.go:86.2,86.19 1 1
github.com/pion/ion/pkg/proto/proto.go:75.19,77.3 1 0
github.com/pion/ion/pkg/proto/proto.go:83.19,85.3 1 0
github.com/pion/ion/pkg/proto/proto.go:95.65,98.2 2 1
github.com/pion/ion/pkg/proto/proto.go:106.51,109.19 3 1
github.com/pion/ion/pkg/proto/proto.go:112.2,115.19 4 1
github.com/pion/ion/pkg/proto/proto.go:109.19,111.3 1 0
github.com/pion/ion/pkg/proto/proto.go:124.62,126.16 2 1
github.com/pion/ion/pkg/proto/proto.go:129.2,129.46 1 1
github.com/pion/ion/pkg/proto/proto.go:126.16,128.3 1 0
github.com/pion/ion/pkg/proto/proto.go:132.70,134.61 2 1
github.com/pion/ion/pkg/proto/proto.go:137.2,137.19 1 1
github.com/pion/ion/pkg/proto/proto.go:134.61,136.3 1 0
github.com/pion/ion/pkg/proto/proto.go:149.78,151.16 2 1
github.com/pion/ion/pkg/proto/proto.go:154.2,154.40 1 1
github.com/pion/ion/pkg/proto/proto.go:151.16,153.3 1 0
github.com/pion/ion/pkg/proto/proto.go:157.82,159.63 2 1
github.com/pion/ion/pkg/proto/proto.go:162.2,162.38 1 1
github.com/pion/ion/pkg/proto/proto.go:165.2,166.27 2 1
github.com/pion/ion/pkg/proto/proto.go:159.63,161.3 1 0
github.com/pion/ion/pkg/proto/proto.go:162.38,164.3 1 0
github.com/pion/ion/pkg/proto/proto.go:169.39,171.2 1 0
github.com/pion/ion/pkg/proto/proto.go:173.45,175.2 1 0
github.com/pion/ion/pkg/proto/proto.go:177.59,178.15 1 0
github.com/pion/ion/pkg/proto/proto.go:181.2,181.34 1 0
github.com/pion/ion/pkg/proto/proto.go:178.15,180.3 1 0
github.com/pion/ion/pkg/proto/proto.go:184.44,186.2 1 0
github.com/pion/ion/pkg/proto/proto.go:188.68,191.19 2 0
github.com/pion/ion/pkg/proto/proto.go:194.2,195.20 2 0
github.com/pion/ion/pkg/proto/proto.go:198.2,198.35 1 0
github.com/pion/ion/pkg/proto/proto.go:191.19,193.3 1 0
github.com/pion/ion/pkg/proto/proto.go:195.20,197.3 1 0
github.com/pion/ion/pkg/async/async.go:17.26,24.2 2 0
github.com/pion/ion/pkg/async/async.go:27.64,30.2 2 0
github.com/pion/ion/pkg/async/async.go:33.98,34.12 1 0
github.com/pion/ion/pkg/async/async.go:34.12,36.24 2 0
github.com/pion/ion/pkg/async/async.go:36.24,38.4 1 0
github.com/pion/ion/pkg/async/async.go:38.9,40.4 1 0
github.com/pion/ion/pkg/async/async.go:45.62,48.2 2 0
github.com/pion/ion/pkg/async/async.go:51.42,54.2 2 0
github.com/pion/ion/pkg/signal/room.go:13.36,15.2 1 0
github.com/pion/ion/pkg/signal/room.go:17.28,19.2 1 0
github.com/pion/ion/pkg/signal/room.go:21.31,29.2 5 0
github.com/pion/ion/pkg/signal/room.go:31.31,37.2 5 0
github.com/pion/ion/pkg/signal/room.go:49.37,52.29 3 0
github.com/pion/ion/pkg/signal/room.go:60.2,60.12 1 0
github.com/pion/ion/pkg/signal/room.go:52.29,53.18 1 0
github.com/pion/ion/pkg/signal/room.go:56.3,56.44 1 0
github.com/pion/ion/pkg/signal/room.go:53.18,54.12 1 0
github.com/pion/ion/pkg/signal/room.go:56.44,58.4 1 0
github.com/pion/ion/pkg/signal/room.go:64.40,68.29 4 0
github.com/pion/ion/pkg/signal/room.go:77.2,77.10 1 0
github.com/pion/ion/pkg/signal/room.go:68.29,70.18 1 0
github.com/pion/ion/pkg/signal/room.go:73.3,73.44 1 0
github.com/pion/ion/pkg/signal/room.go:70.18,71.12 1 0
github.com/pion/ion/pkg/signal/room.go:73.44,75.4 1 0
github.com/pion/ion/pkg/signal/room.go:80.30,83.17 3 0
github.com/pion/ion/pkg/signal/room.go:83.17,85.3 1 0
github.com/pion/ion/pkg/signal/room.go:88.38,91.17 3 0
github.com/pion/ion/pkg/signal/room.go:94.2,94.20 1 0
github.com/pion/ion/pkg/signal/room.go:91.17,93.3 1 0
github.com/pion/ion/pkg/signal/room.go:97.43,100.17 3 0
github.com/pion/ion/pkg/signal/room.go:103.2,103.39 1 0
github.com/pion/ion/pkg/signal/room.go:100.17,102.3 1 0
github.com/pion/ion/pkg/signal/room.go:106.94,109.17 3 0
github.com/pion/ion/pkg/signal/room.go:109.17,112.3 2 0
github.com/pion/ion/pkg/signal/room.go:115.71,117.17 2 0
github.com/pion/ion/pkg/signal/room.go:117.17,118.45 1 0
github.com/pion/ion/pkg/signal/room.go:118.45,119.19 1 0
github.com/pion/ion/pkg/signal/room.go:119.19,121.5 1 0
github.com/pion/ion/pkg/signal/room.go:126.95,129.17 3 0
github.com/pion/ion/pkg/signal/room.go:129.17,130.45 1 0
github.com/pion/ion/pkg/signal/room.go:130.45,131.42 1 0
github.com/pion/ion/pkg/signal/room.go:131.42,133.5 1 0
github.com/pion/ion/pkg/node/biz/dispatch.go:16.120,22.16 4 0
github.com/pion/ion/pkg/node/biz/dispatch.go:105.2,105.19 1 0
github.com/pion/ion/pkg/node/biz/dispatch.go:23.25,25.55 2 0
github.com/pion/ion/pkg/node/biz/dispatch.go:30.3,30.46 1 0
github.com/pion/ion/pkg/node/biz/dispatch.go:31.25,33.55 2 0
github.com/pion/ion/pkg/node/biz/dispatch.go:38.3,38.40 1 0
github.com/pion/ion/pkg/node/biz/dispatch.go:39.24,41.55 2 0
github.com/pion/ion/pkg/node/biz/dispatch.go:46.3,46.39 1 0
github.com/pion/ion/pkg/node/biz/dispatch.go:47.25,49.55 2 0
github.com/pion/ion/pkg/node/biz/dispatch.go:54.3,54.40 1 0
github.com/pion/ion/pkg/node/biz/dispatch.go:55.27,57.55 2 0
github.com/pion/ion/pkg/node/biz/dispatch.go:62.3,62.42 1 0
github.com/pion/ion/pkg/node/biz/dispatch.go:63.29,65.55 2 0
github.com/pion/ion/pkg/node/biz/dispatch.go:70.3,70.44 1 0
github.com/pion/ion/pkg/node/biz/dispatch.go:71.29,73.55 2 0
github.com/pion/ion/pkg/node/biz/dispatch.go:78.3,78.44 1 0
github.com/pion/ion/pkg/node/biz/dispatch.go:79.31,81.55 2 0
github.com/pion/ion/pkg/node/biz/dispatch.go:86.3,86.46 1 0
github.com/pion/ion/pkg/node/biz/dispatch.go:87.29,89.55 2 0
github.com/pion/ion/pkg/node/biz/dispatch.go:94.3,94.44 1 0
github.com/pion/ion/pkg/node/biz/dispatch.go:95.30,97.55 2 0
github.com/pion/ion/pkg/node/biz/dispatch.go:102.3,102.42 1 0
github.com/pion/ion/pkg/node/biz/dispatch.go:25.55,28.9 3 0
github.com/pion/ion/pkg/node/biz/dispatch.go:33.55,36.9 3 0
github.com/pion/ion/pkg/node/biz/dispatch.go:41.55,44.9 3 0
github.com/pion/ion/pkg/node/biz/dispatch.go:49.55,52.9 3 0
github.com/pion/ion/pkg/node/biz/dispatch.go:57.55,60.9 3 0
github.com/pion/ion/pkg/node/biz/dispatch.go:65.55,68.9 3 0
github.com/pion/ion/pkg/node/biz/dispatch.go:73.55,76.9 3 0
github.com/pion/ion/pkg/node/biz/dispatch.go:81.55,84.9 3 0
github.com/pion/ion/pkg/node/biz/dispatch.go:89.55,92.9 3 0
github.com/pion/ion/pkg/node/biz/dispatch.go:97.55,100.9 3 0
github.com/pion/ion/pkg/node/biz/dispatch.go:105.19,107.3 1 0
github.com/pion/ion/pkg/node/biz/dispatch.go:107.8,109.3 1 0
github.com/pion/ion/pkg/node/biz/dispatch.go:112.49,113.32 1 0
github.com/pion/ion/pkg/node/biz/dispatch.go:126.2,127.19 2 0
github.com/pion/ion/pkg/node/biz/dispatch.go:113.32,114.37 1 0
github.com/pion/ion/pkg/node/biz/dispatch.go:114.37,117.14 3 0
github.com/pion/ion/pkg/node/biz/dispatch.go:123.4,123.20 1 0
github.com/pion/ion/pkg/node/biz/dispatch.go:117.14,122.5 4 0
github.com/pion/ion/pkg/node/biz/dispatch.go:130.66,131.38 1 0
github.com/pion/ion/pkg/node/biz/dispatch.go:131.38,137.17 6 0
github.com/pion/ion/pkg/node/biz/dispatch.go:138.28,139.70 1 0
github.com/pion/ion/pkg/node/biz/dispatch.go:140.30,143.13 3 0
github.com/pion/ion/pkg/node/biz/dispatch.go:143.13,145.5 1 0
github.com/pion/ion/pkg/node/biz/dispatch.go:150.76,152.12 2 0
github.com/pion/ion/pkg/node/biz/dispatch.go:155.2,156.16 2 0
github.com/pion/ion/pkg/node/biz/dispatch.go:160.2,165.12 6 0
github.com/pion/ion/pkg/node/biz/dispatch.go:170.2,170.25 1 0
github.com/pion/ion/pkg/node/biz/dispatch.go:152.12,154.3 1 0
github.com/pion/ion/pkg/node/biz/dispatch.go:156.16,158.3 1 0
github.com/pion/ion/pkg/node/biz/dispatch.go:165.12,169.3 3 0
github.com/pion/ion/pkg/node/biz/error_codes.go:30.31,32.2 1 3
github.com/pion/ion/pkg/node/biz/init.go:20.64,26.2 5 0
github.com/pion/ion/pkg/node/biz/init.go:29.92,32.27 2 0
github.com/pion/ion/pkg/node/biz/init.go:32.27,34.39 1 0
github.com/pion/ion/pkg/node/biz/init.go:38.3,43.13 5 0
github.com/pion/ion/pkg/node/biz/init.go:34.39,36.4 1 0
github.com/pion/ion/pkg/node/biz/init.go:43.13,52.4 6 0
github.com/pion/ion/pkg/node/biz/init.go:54.8,54.36 1 0
github.com/pion/ion/pkg/node/biz/init.go:54.36,57.3 2 0
github.com/pion/ion/pkg/node/biz/init.go:61.14,62.19 1 0
github.com/pion/ion/pkg/node/biz/init.go:62.19,64.3 1 0
github.com/pion/ion/pkg/log/log.go:15.25,17.15 2 0
github.com/pion/ion/pkg/log/log.go:27.2,29.64 3 0
github.com/pion/ion/pkg/log/log.go:18.15,19.25 1 0
github.com/pion/ion/pkg/log/log.go:20.14,21.24 1 0
github.com/pion/ion/pkg/log/log.go:22.14,23.24 1 0
github.com/pion/ion/pkg/log/log.go:24.15,25.25 1 0
github.com/pion/ion/pkg/log/log.go:32.45,34.2 1 0
github.com/pion/ion/pkg/log/log.go:36.46,38.2 1 0
github.com/pion/ion/pkg/log/log.go:40.45,42.2 1 0
github.com/pion/ion/pkg/log/log.go:44.46,46.2 1 0
github.com/pion/ion/pkg/log/log.go:48.46,50.2 1 0
github.com/pion/ion/pkg/util/util.go:27.32,29.2 1 0
github.com/pion/ion/pkg/util/util.go:31.32,32.42 1 0
github.com/pion/ion/pkg/util/util.go:37.2,37.14 1 0
github.com/pion/ion/pkg/util/util.go:32.42,33.46 1 0
github.com/pion/ion/pkg/util/util.go:33.46,35.4 1 0
github.com/pion/ion/pkg/util/util.go:40.29,44.26 2 0
github.com/pion/ion/pkg/util/util.go:53.2,53.26 1 0
github.com/pion/ion/pkg/util/util.go:59.2,59.11 1 0
github.com/pion/ion/pkg/util/util.go:44.26,45.89 1 0
github.com/pion/ion/pkg/util/util.go:45.89,46.37 1 0
github.com/pion/ion/pkg/util/util.go:46.37,48.5 1 0
github.com/pion/ion/pkg/util/util.go:53.26,54.89 1 0
github.com/pion/ion/pkg/util/util.go:54.89,56.4 1 0
github.com/pion/ion/pkg/util/util.go:62.43,65.16 2 0
github.com/pion/ion/pkg/util/util.go:70.2,75.47 4 0
github.com/pion/ion/pkg/util/util.go:94.2,94.11 1 0
github.com/pion/ion/pkg/util/util.go:65.16,68.3 2 0
github.com/pion/ion/pkg/util/util.go:75.47,76.23 1 0
github.com/pion/ion/pkg/util/util.go:82.3,83.54 2 0
github.com/pion/ion/pkg/util/util.go:87.3,87.27 1 0
github.com/pion/ion/pkg/util/util.go:76.23,80.4 3 0
github.com/pion/ion/pkg/util/util.go:83.54,86.4 2 0
github.com/pion/ion/pkg/util/util.go:88.17,92.3 3 0
github.com/pion/ion/pkg/util/util.go:97.45,99.45 2 0
github.com/pion/ion/pkg/util/util.go:99.45,102.3 2 0
github.com/pion/ion/pkg/util/util.go:102.8,104.3 1 0
github.com/pion/ion/pkg/util/util.go:107.48,108.45 1 0
github.com/pion/ion/pkg/util/util.go:108.45,111.3 2 0
github.com/pion/ion/pkg/util/util.go:111.8,113.3 1 0
github.com/pion/ion/pkg/util/util.go:116.47,117.45 1 0
github.com/pion/ion/pkg/util/util.go:117.45,120.3 2 0
github.com/pion/ion/pkg/util/util.go:120.8,122.3 1 0
github.com/pion/ion/pkg/util/util.go:125.51,127.59 2 0
github.com/pion/ion/pkg/util/util.go:131.2,131.13 1 0
github.com/pion/ion/pkg/util/util.go:127.59,130.3 2 0
github.com/pion/ion/pkg/util/util.go:134.27,136.34 2 0
github.com/pion/ion/pkg/util/util.go:136.34,140.3 3 0
github.com/pion/ion/pkg/util/util.go:144.57,145.16 1 0
github.com/pion/ion/pkg/util/util.go:148.2,149.16 2 0
github.com/pion/ion/pkg/util/util.go:152.2,152.27 1 0
github.com/pion/ion/pkg/util/util.go:145.16,147.3 1 0
github.com/pion/ion/pkg/util/util.go:149.16,151.3 1 0
github.com/pion/ion/pkg/util/util.go:153.14,154.13 1 0
github.com/pion/ion/pkg/util/util.go:155.30,156.22 1 0
github.com/pion/ion/pkg/util/util.go:157.10,159.12 2 0
github.com/pion/ion/pkg/util/util.go:164.54,165.22 1 0
github.com/pion/ion/pkg/util/util.go:168.2,169.35 2 0
github.com/pion/ion/pkg/util/util.go:172.2,172.12 1 0
github.com/pion/ion/pkg/util/util.go:165.22,167.3 1 0
github.com/pion/ion/pkg/util/util.go:169.35,171.3 1 0
github.com/pion/ion/pkg/util/util.go:175.43,176.68 1 0
github.com/pion/ion/pkg/util/util.go:180.2,180.69 1 0
github.com/pion/ion/pkg/util/util.go:176.68,179.3 2 0
github.com/pion/ion/pkg/util/util.go:183.57,187.91 2 0
github.com/pion/ion/pkg/util/util.go:191.2,192.12 2 0
github.com/pion/ion/pkg/util/util.go:187.91,190.3 2 0
github.com/pion/ion/pkg/util/util.go:195.32,196.33 1 0
github.com/pion/ion/pkg/util/util.go:199.2,199.11 1 0
github.com/pion/ion/pkg/util/util.go:196.33,198.3 1 0
github.com/pion/ion/pkg/util/util.go:202.34,203.33 1 0
github.com/pion/ion/pkg/util/util.go:206.2,206.11 1 0
github.com/pion/ion/pkg/util/util.go:203.33,205.3 1 0
github.com/pion/ion/pkg/util/util.go:209.47,210.17 1 0
github.com/pion/ion/pkg/util/util.go:213.2,214.34 2 0
github.com/pion/ion/pkg/util/util.go:219.2,219.12 1 0
github.com/pion/ion/pkg/util/util.go:210.17,212.3 1 0
github.com/pion/ion/pkg/util/util.go:214.34,215.32 1 0
github.com/pion/ion/pkg/util/util.go:215.32,217.4 1 0
github.com/pion/ion/pkg/util/util.go:222.23,224.2 1 0
github.com/pion/ion/pkg/util/util.go:226.29,229.39 1 0
github.com/pion/ion/pkg/util/util.go:232.2,232.14 1 0
github.com/pion/ion/pkg/util/util.go:229.39,231.3 1 0
github.com/pion/ion/pkg/util/util.go:235.54,236.54 1 0
github.com/pion/ion/pkg/util/util.go:240.2,240.121 1 0
github.com/pion/ion/pkg/util/util.go:236.54,239.3 2 0
github.com/pion/ion/pkg/util/util.go:243.35,247.2 3 0
github.com/pion/ion/pkg/util/util.go:249.37,253.2 3 0
github.com/pion/ion/pkg/util/util.go:255.36,257.2 1 0
github.com/pion/ion/pkg/util/util.go:259.28,261.25 2 0
github.com/pion/ion/pkg/util/util.go:264.2,264.22 1 0
github.com/pion/ion/pkg/util/util.go:261.25,263.3 1 0
github.com/pion/ion/pkg/util/util.go:267.57,273.2 2 3
github.com/pion/ion/pkg/rtc/rtpengine/muxrtp/session.go:34.119,38.25 3 0
github.com/pion/ion/pkg/rtc/rtpengine/muxrtp/session.go:42.2,43.8 2 0
github.com/pion/ion/pkg/rtc/rtpengine/muxrtp/session.go:48.2,50.44 2 0
github.com/pion/ion/pkg/rtc/rtpengine/muxrtp/session.go:54.2,55.16 2 0
github.com/pion/ion/pkg/rtc/rtpengine/muxrtp/session.go:38.25,40.3 1 0
github.com/pion/ion/pkg/rtc/rtpengine/muxrtp/session.go:43.8,45.3 1 0
github.com/pion/ion/pkg/rtc/rtpengine/muxrtp/session.go:50.44,52.3 1 0
github.com/pion/ion/pkg/rtc/rtpengine/muxrtp/session.go:58.49,62.25 3 0
github.com/pion/ion/pkg/rtc/rtpengine/muxrtp/session.go:66.2,66.29 1 0
github.com/pion/ion/pkg/rtc/rtpengine/muxrtp/session.go:62.25,64.3 1 0
github.com/pion/ion/pkg/rtc/rtpengine/muxrtp/session.go:69.33,70.23 1 0
github.com/pion/ion/pkg/rtc/rtpengine/muxrtp/session.go:76.2,77.12 2 0
github.com/pion/ion/pkg/rtc/rtpengine/muxrtp/session.go:70.23,72.3 1 0
github.com/pion/ion/pkg/rtc/rtpengine/muxrtp/session.go:72.8,72.50 1 0
github.com/pion/ion/pkg/rtc/rtpengine/muxrtp/session.go:72.50,74.3 1 0
github.com/pion/ion/pkg/rtc/rtpengine/muxrtp/session.go:80.52,82.12 1 0
github.com/pion/ion/pkg/rtc/rtpengine/muxrtp/session.go:111.2,113.12 2 0
github.com/pion/ion/pkg/rtc/rtpengine/muxrtp/session.go:82.12,83.16 1 0
github.com/pion/ion/pkg/rtc/rtpengine/muxrtp/session.go:92.3,93.7 2 0
github.com/pion/ion/pkg/rtc/rtpengine/muxrtp/session.go:83.16,90.4 5 0
github.com/pion/ion/pkg/rtc/rtpengine/muxrtp/session.go:93.7,95.18 2 0
github.com/pion/ion/pkg/rtc/rtpengine/muxrtp/session.go:101.4,101.14 1 0
github.com/pion/ion/pkg/rtc/rtpengine/muxrtp/session.go:105.4,105.45 1 0
github.com/pion/ion/pkg/rtc/rtpengine/muxrtp/session.go:95.18,96.22 1 0
github.com/pion/ion/pkg/rtc/rtpengine/muxrtp/session.go:99.5,99.11 1 0
github.com/pion/ion/pkg/rtc/rtpengine/muxrtp/session.go:96.22,98.6 1 0
github.com/pion/ion/pkg/rtc/rtpengine/muxrtp/session.go:101.14,103.13 2 0
github.com/pion/ion/pkg/rtc/rtpengine/muxrtp/session.go:105.45,107.5 1 0
github.com/pion/ion/pkg/rtc/plugins/rtpforwarder.go:27.63,30.49 3 0
github.com/pion/ion/pkg/rtc/plugins/rtpforwarder.go:35.2,39.3 1 0
github.com/pion/ion/pkg/rtc/plugins/rtpforwarder.go:30.49,32.3 1 0
github.com/pion/ion/pkg/rtc/plugins/rtpforwarder.go:32.8,34.3 1 0
github.com/pion/ion/pkg/rtc/plugins/rtpforwarder.go:43.36,45.2 1 0
github.com/pion/ion/pkg/rtc/plugins/rtpforwarder.go:48.56,51.2 2 0
github.com/pion/ion/pkg/rtc/plugins/rtpforwarder.go:54.53,56.2 1 0
github.com/pion/ion/pkg/rtc/plugins/rtpforwarder.go:59.31,61.2 1 0
github.com/pion/ion/pkg/node/sfu/init.go:19.57,26.2 6 0
github.com/pion/ion/pkg/node/sfu/init.go:29.17,31.12 2 0
github.com/pion/ion/pkg/node/sfu/init.go:31.12,32.39 1 0
github.com/pion/ion/pkg/node/sfu/init.go:32.39,34.18 2 0
github.com/pion/ion/pkg/node/sfu/init.go:38.4,38.74 1 0
github.com/pion/ion/pkg/node/sfu/init.go:34.18,36.13 2 0
github.com/pion/ion/pkg/discovery/service.go:27.77,34.2 4 0
github.com/pion/ion/pkg/discovery/service.go:37.84,38.23 1 0
github.com/pion/ion/pkg/discovery/service.go:41.2,41.19 1 0
github.com/pion/ion/pkg/discovery/service.go:44.2,46.12 3 0
github.com/pion/ion/pkg/discovery/service.go:38.23,40.3 1 0
github.com/pion/ion/pkg/discovery/service.go:41.19,43.3 1 0
github.com/pion/ion/pkg/discovery/service.go:49.73,50.6 1 0
github.com/pion/ion/pkg/discovery/service.go:50.6,53.17 3 0
github.com/pion/ion/pkg/discovery/service.go:53.17,56.4 2 0
github.com/pion/ion/pkg/discovery/service.go:56.9,59.4 2 0
github.com/pion/ion/pkg/discovery/service.go:64.79,66.16 2 0
github.com/pion/ion/pkg/discovery/service.go:69.2,70.23 2 0
github.com/pion/ion/pkg/discovery/service.go:75.2,75.28 1 0
github.com/pion/ion/pkg/discovery/service.go:81.2,81.19 1 0
github.com/pion/ion/pkg/discovery/service.go:66.16,68.3 1 0
github.com/pion/ion/pkg/discovery/service.go:70.23,73.3 2 0
github.com/pion/ion/pkg/discovery/service.go:75.28,80.3 4 0
github.com/pion/ion/pkg/discovery/service.go:84.41,85.14 1 0
github.com/pion/ion/pkg/discovery/service.go:89.2,89.11 1 0
github.com/pion/ion/pkg/discovery/service.go:85.14,88.3 2 0
github.com/pion/ion/pkg/discovery/service.go:92.42,93.17 1 0
github.com/pion/ion/pkg/discovery/service.go:102.2,102.12 1 0
github.com/pion/ion/pkg/discovery/service.go:93.17,96.17 3 0
github.com/pion/ion/pkg/discovery/service.go:100.3,100.11 1 0
github.com/pion/ion/pkg/discovery/service.go:96.17,99.4 2 0
github.com/pion/ion/pkg/discovery/service.go:105.66,108.2 2 0
github.com/pion/ion/pkg/rtc/rtpengine/packetio/buffer.go:31.26,35.2 1 0
github.com/pion/ion/pkg/rtc/rtpengine/packetio/buffer.go:39.58,46.14 3 0
github.com/pion/ion/pkg/rtc/rtpengine/packetio/buffer.go:52.2,52.58 1 0
github.com/pion/ion/pkg/rtc/rtpengine/packetio/buffer.go:58.2,58.58 1 0
github.com/pion/ion/pkg/rtc/rtpengine/packetio/buffer.go:63.2,66.12 2 0
github.com/pion/ion/pkg/rtc/rtpengine/packetio/buffer.go:78.2,83.19 4 0
github.com/pion/ion/pkg/rtc/rtpengine/packetio/buffer.go:87.2,87.25 1 0
github.com/pion/ion/pkg/rtc/rtpengine/packetio/buffer.go:46.14,49.3 2 0
github.com/pion/ion/pkg/rtc/rtpengine/packetio/buffer.go:52.58,55.3 2 0
github.com/pion/ion/pkg/rtc/rtpengine/packetio/buffer.go:58.58,61.3 2 0
github.com/pion/ion/pkg/rtc/rtpengine/packetio/buffer.go:66.12,75.3 3 0
github.com/pion/ion/pkg/rtc/rtpengine/packetio/buffer.go:83.19,85.3 1 0
github.com/pion/ion/pkg/rtc/rtpengine/packetio/buffer.go:94.57,95.6 1 0
github.com/pion/ion/pkg/rtc/rtpengine/packetio/buffer.go:95.6,99.25 2 0
github.com/pion/ion/pkg/rtc/rtpengine/packetio/buffer.go:121.3,121.15 1 0
github.com/pion/ion/pkg/rtc/rtpengine/packetio/buffer.go:128.3,135.11 4 0
github.com/pion/ion/pkg/rtc/rtpengine/packetio/buffer.go:99.25,103.32 2 0
github.com/pion/ion/pkg/rtc/rtpengine/packetio/buffer.go:109.4,116.17 5 0
github.com/pion/ion/pkg/rtc/rtpengine/packetio/buffer.go:103.32,106.5 2 0
github.com/pion/ion/pkg/rtc/rtpengine/packetio/buffer.go:121.15,124.4 2 0
github.com/pion/ion/pkg/rtc/rtpengine/packetio/buffer.go:141.38,146.14 2 0
github.com/pion/ion/pkg/rtc/rtpengine/packetio/buffer.go:151.2,158.12 5 0
github.com/pion/ion/pkg/rtc/rtpengine/packetio/buffer.go:146.14,149.3 2 0
github.com/pion/ion/pkg/rtc/rtpengine/packetio/buffer.go:162.30,167.2 3 0
github.com/pion/ion/pkg/rtc/rtpengine/packetio/buffer.go:172.43,177.2 3 0
github.com/pion/ion/pkg/rtc/rtpengine/packetio/buffer.go:180.29,185.2 3 0
github.com/pion/ion/pkg/rtc/rtpengine/packetio/buffer.go:190.42,195.2 3 0
github.com/pion/ion/pkg/node/biz/internal.go:11.55,13.15 2 0
github.com/pion/ion/pkg/node/biz/internal.go:13.15,16.3 2 0
github.com/pion/ion/pkg/node/biz/internal.go:20.67,21.37 1 0
github.com/pion/ion/pkg/node/biz/internal.go:21.37,29.17 7 0
github.com/pion/ion/pkg/node/biz/internal.go:30.30,31.70 1 0
github.com/pion/ion/pkg/node/biz/internal.go:32.33,33.73 1 0
github.com/pion/ion/pkg/node/biz/internal.go:34.31,35.65 1 0
github.com/pion/ion/pkg/node/biz/internal.go:36.32,37.66 1 0
github.com/pion/ion/pkg/node/biz/internal.go:38.30,39.68 1 0
github.com/pion/ion/pkg/rtc/rtpengine/muxrtp/sessionrtcp.go:16.58,29.16 4 0
github.com/pion/ion/pkg/rtc/rtpengine/muxrtp/sessionrtcp.go:32.2,32.15 1 0
github.com/pion/ion/pkg/rtc/rtpengine/muxrtp/sessionrtcp.go:29.16,31.3 1 0
github.com/pion/ion/pkg/rtc/rtpengine/muxrtp/sessionrtcp.go:36.67,38.2 1 0
github.com/pion/ion/pkg/rtc/rtpengine/muxrtp/sessionrtcp.go:42.76,45.47 2 0
github.com/pion/ion/pkg/rtc/rtpengine/muxrtp/sessionrtcp.go:48.2,48.81 1 0
github.com/pion/ion/pkg/rtc/rtpengine/muxrtp/sessionrtcp.go:45.47,47.3 1 0
github.com/pion/ion/pkg/rtc/rtpengine/muxrtp/sessionrtcp.go:52.71,54.9 2 0
github.com/pion/ion/pkg/rtc/rtpengine/muxrtp/sessionrtcp.go:58.2,59.9 2 0
github.com/pion/ion/pkg/rtc/rtpengine/muxrtp/sessionrtcp.go:63.2,63.42 1 0
github.com/pion/ion/pkg/rtc/rtpengine/muxrtp/sessionrtcp.go:54.9,56.3 1 0
github.com/pion/ion/pkg/rtc/rtpengine/muxrtp/sessionrtcp.go:59.9,61.3 1 0
github.com/pion/ion/pkg/rtc/rtpengine/muxrtp/sessionrtcp.go:67.37,69.2 1 0
github.com/pion/ion/pkg/rtc/rtpengine/muxrtp/sessionrtcp.go:72.54,73.38 1 0
github.com/pion/ion/pkg/rtc/rtpengine/muxrtp/sessionrtcp.go:82.2,82.38 1 0
github.com/pion/ion/pkg/rtc/rtpengine/muxrtp/sessionrtcp.go:73.38,75.3 1 0
github.com/pion/ion/pkg/rtc/rtpengine/muxrtp/sessionrtcp.go:87.51,89.25 2 0
github.com/pion/ion/pkg/rtc/rtpengine/muxrtp/sessionrtcp.go:95.2,96.28 2 0
github.com/pion/ion/pkg/rtc/rtpengine/muxrtp/sessionrtcp.go:100.2,100.12 1 0
github.com/pion/ion/pkg/rtc/rtpengine/muxrtp/sessionrtcp.go:89.25,90.44 1 0
github.com/pion/ion/pkg/rtc/rtpengine/muxrtp/sessionrtcp.go:90.44,92.4 1 0
github.com/pion/ion/pkg/rtc/rtpengine/muxrtp/sessionrtcp.go:96.28,98.3 1 0
github.com/pion/ion/pkg/rtc/rtpengine/muxrtp/sessionrtcp.go:103.48,105.16 2 0
github.com/pion/ion/pkg/rtc/rtpengine/muxrtp/sessionrtcp.go:109.2,109.44 1 0
github.com/pion/ion/pkg/rtc/rtpengine/muxrtp/sessionrtcp.go:128.2,128.12 1 0
github.com/pion/ion/pkg/rtc/rtpengine/muxrtp/sessionrtcp.go:105.16,107.3 1 0
github.com/pion/ion/pkg/rtc/rtpengine/muxrtp/sessionrtcp.go:109.44,111.15 2 0
github.com/pion/ion/pkg/rtc/rtpengine/muxrtp/sessionrtcp.go:117.3,118.10 2 0
github.com/pion/ion/pkg/rtc/rtpengine/muxrtp/sessionrtcp.go:122.3,123.17 2 0
github.com/pion/ion/pkg/rtc/rtpengine/muxrtp/sessionrtcp.go:111.15,113.4 1 0
github.com/pion/ion/pkg/rtc/rtpengine/muxrtp/sessionrtcp.go:113.9,113.19 1 0
github.com/pion/ion/pkg/rtc/rtpengine/muxrtp/sessionrtcp.go:113.19,115.4 1 0
github.com/pion/ion/pkg/rtc/rtpengine/muxrtp/sessionrtcp.go:118.10,120.4 1 0
github.com/pion/ion/pkg/rtc/rtpengine/muxrtp/sessionrtcp.go:123.17,125.4 1 0
github.com/pion/ion/pkg/rtc/transport/webrtctransport.go:36.87,38.42 2 0
github.com/pion/ion/pkg/rtc/transport/webrtctransport.go:42.2,43.12 2 0
github.com/pion/ion/pkg/rtc/transport/webrtctransport.go:38.42,40.3 1 0
github.com/pion/ion/pkg/rtc/transport/webrtctransport.go:69.70,92.16 9 0
github.com/pion/ion/pkg/rtc/transport/webrtctransport.go:98.2,98.9 1 0
github.com/pion/ion/pkg/rtc/transport/webrtctransport.go:104.2,104.13 1 0
github.com/pion/ion/pkg/rtc/transport/webrtctransport.go:120.2,120.9 1 0
github.com/pion/ion/pkg/rtc/transport/webrtctransport.go:123.2,124.12 2 0
github.com/pion/ion/pkg/rtc/transport/webrtctransport.go:92.16,93.14 1 0
github.com/pion/ion/pkg/rtc/transport/webrtctransport.go:93.14,95.4 1 0
github.com/pion/ion/pkg/rtc/transport/webrtctransport.go:98.9,102.3 1 0
github.com/pion/ion/pkg/rtc/transport/webrtctransport.go:104.13,105.27 1 0
github.com/pion/ion/pkg/rtc/transport/webrtctransport.go:105.27,107.4 1 0
github.com/pion/ion/pkg/rtc/transport/webrtctransport.go:107.9,107.33 1 0
github.com/pion/ion/pkg/rtc/transport/webrtctransport.go:107.33,109.4 1 0
github.com/pion/ion/pkg/rtc/transport/webrtctransport.go:109.9,109.33 1 0
github.com/pion/ion/pkg/rtc/transport/webrtctransport.go:109.33,111.4 1 0
github.com/pion/ion/pkg/rtc/transport/webrtctransport.go:111.9,113.4 1 0
github.com/pion/ion/pkg/rtc/transport/webrtctransport.go:114.8,118.3 3 0
github.com/pion/ion/pkg/rtc/transport/webrtctransport.go:120.9,122.3 1 0
github.com/pion/ion/pkg/rtc/transport/webrtctransport.go:133.85,144.16 3 0
github.com/pion/ion/pkg/rtc/transport/webrtctransport.go:149.2,150.16 2 0
github.com/pion/ion/pkg/rtc/transport/webrtctransport.go:155.2,156.16 2 0
github.com/pion/ion/pkg/rtc/transport/webrtctransport.go:161.2,162.16 2 0
github.com/pion/ion/pkg/rtc/transport/webrtctransport.go:167.2,167.51 1 0
github.com/pion/ion/pkg/rtc/transport/webrtctransport.go:184.2,184.82 1 0
github.com/pion/ion/pkg/rtc/transport/webrtctransport.go:191.2,191.10 1 0
github.com/pion/ion/pkg/rtc/transport/webrtctransport.go:144.16,147.3 2 0
github.com/pion/ion/pkg/rtc/transport/webrtctransport.go:150.16,153.3 2 0
github.com/pion/ion/pkg/rtc/transport/webrtctransport.go:156.16,159.3 2 0
github.com/pion/ion/pkg/rtc/transport/webrtctransport.go:162.16,165.3 2 0
github.com/pion/ion/pkg/rtc/transport/webrtctransport.go:167.51,168.15 1 0
github.com/pion/ion/pkg/rtc/transport/webrtctransport.go:172.3,173.23 2 0
github.com/pion/ion/pkg/rtc/transport/webrtctransport.go:168.15,170.4 1 0
github.com/pion/ion/pkg/rtc/transport/webrtctransport.go:173.23,178.4 4 0
github.com/pion/ion/pkg/rtc/transport/webrtctransport.go:178.9,181.4 2 0
github.com/pion/ion/pkg/rtc/transport/webrtctransport.go:184.82,185.63 1 0
github.com/pion/ion/pkg/rtc/transport/webrtctransport.go:185.63,188.4 2 0
github.com/pion/ion/pkg/rtc/transport/webrtctransport.go:195.39,197.2 1 0
github.com/pion/ion/pkg/rtc/transport/webrtctransport.go:200.38,202.2 1 0
github.com/pion/ion/pkg/rtc/transport/webrtctransport.go:205.70,206.17 1 0
github.com/pion/ion/pkg/rtc/transport/webrtctransport.go:209.2,210.16 2 0
github.com/pion/ion/pkg/rtc/transport/webrtctransport.go:213.2,214.16 2 0
github.com/pion/ion/pkg/rtc/transport/webrtctransport.go:217.2,217.19 1 0
github.com/pion/ion/pkg/rtc/transport/webrtctransport.go:206.17,208.3 1 0
github.com/pion/ion/pkg/rtc/transport/webrtctransport.go:210.16,212.3 1 0
github.com/pion/ion/pkg/rtc/transport/webrtctransport.go:214.16,216.3 1 0
github.com/pion/ion/pkg/rtc/transport/webrtctransport.go:221.77,222.17 1 0
github.com/pion/ion/pkg/rtc/transport/webrtctransport.go:225.2,225.39 1 0
github.com/pion/ion/pkg/rtc/transport/webrtctransport.go:222.17,224.3 1 0
github.com/pion/ion/pkg/rtc/transport/webrtctransport.go:229.115,230.17 1 0
github.com/pion/ion/pkg/rtc/transport/webrtctransport.go:233.2,234.16 2 0
github.com/pion/ion/pkg/rtc/transport/webrtctransport.go:237.2,237.47 1 0
github.com/pion/ion/pkg/rtc/transport/webrtctransport.go:241.2,244.19 4 0
github.com/pion/ion/pkg/rtc/transport/webrtctransport.go:230.17,232.3 1 0
github.com/pion/ion/pkg/rtc/transport/webrtctransport.go:234.16,236.3 1 0
github.com/pion/ion/pkg/rtc/transport/webrtctransport.go:237.47,239.3 1 0
github.com/pion/ion/pkg/rtc/transport/webrtctransport.go:248.64,249.17 1 0
github.com/pion/ion/pkg/rtc/transport/webrtctransport.go:253.2,254.16 2 0
github.com/pion/ion/pkg/rtc/transport/webrtctransport.go:257.2,257.12 1 0
github.com/pion/ion/pkg/rtc/transport/webrtctransport.go:249.17,251.3 1 0
github.com/pion/ion/pkg/rtc/transport/webrtctransport.go:254.16,256.3 1 0
github.com/pion/ion/pkg/rtc/transport/webrtctransport.go:261.134,263.13 2 0
github.com/pion/ion/pkg/rtc/transport/webrtctransport.go:300.2,301.16 2 0
github.com/pion/ion/pkg/rtc/transport/webrtctransport.go:306.2,307.16 2 0
github.com/pion/ion/pkg/rtc/transport/webrtctransport.go:312.2,313.16 2 0
github.com/pion/ion/pkg/rtc/transport/webrtctransport.go:316.2,316.12 1 0
github.com/pion/ion/pkg/rtc/transport/webrtctransport.go:325.2,325.20 1 0
github.com/pion/ion/pkg/rtc/transport/webrtctransport.go:263.13,264.78 1 0
github.com/pion/ion/pkg/rtc/transport/webrtctransport.go:264.78,271.4 4 0
github.com/pion/ion/pkg/rtc/transport/webrtctransport.go:272.8,274.20 2 0
github.com/pion/ion/pkg/rtc/transport/webrtctransport.go:277.3,278.26 2 0
github.com/pion/ion/pkg/rtc/transport/webrtctransport.go:282.3,282.35 1 0
github.com/pion/ion/pkg/rtc/transport/webrtctransport.go:297.3,297.26 1 0
github.com/pion/ion/pkg/rtc/transport/webrtctransport.go:274.20,276.4 1 0
github.com/pion/ion/pkg/rtc/transport/webrtctransport.go:278.26,280.4 1 0
github.com/pion/ion/pkg/rtc/transport/webrtctransport.go:282.35,283.45 1 0
github.com/pion/ion/pkg/rtc/transport/webrtctransport.go:283.45,285.21 2 0
github.com/pion/ion/pkg/rtc/transport/webrtctransport.go:285.21,287.20 2 0
github.com/pion/ion/pkg/rtc/transport/webrtctransport.go:287.20,291.7 3 0
github.com/pion/ion/pkg/rtc/transport/webrtctransport.go:291.12,293.7 1 0
github.com/pion/ion/pkg/rtc/transport/webrtctransport.go:301.16,304.3 2 0
github.com/pion/ion/pkg/rtc/transport/webrtctransport.go:307.16,310.3 2 0
github.com/pion/ion/pkg/rtc/transport/webrtctransport.go:313.16,315.3 1 0
github.com/pion/ion/pkg/rtc/transport/webrtctransport.go:316.12,319.49 3 0
github.com/pion/ion/pkg/rtc/transport/webrtctransport.go:323.3,323.28 1 0
github.com/pion/ion/pkg/rtc/transport/webrtctransport.go:319.49,322.4 2 0
github.com/pion/ion/pkg/rtc/transport/webrtctransport.go:329.72,330.6 1 0
github.com/pion/ion/pkg/rtc/transport/webrtctransport.go:330.6,331.13 1 0
github.com/pion/ion/pkg/rtc/transport/webrtctransport.go:335.3,336.17 2 0
github.com/pion/ion/pkg/rtc/transport/webrtctransport.go:342.3,342.17 1 0
github.com/pion/ion/pkg/rtc/transport/webrtctransport.go:331.13,333.4 1 0
github.com/pion/ion/pkg/rtc/transport/webrtctransport.go:336.17,337.21 1 0
github.com/pion/ion/pkg/rtc/transport/webrtctransport.go:340.4,340.36 1 0
github.com/pion/ion/pkg/rtc/transport/webrtctransport.go:337.21,339.5 1 0
github.com/pion/ion/pkg/rtc/transport/webrtctransport.go:347.58,349.9 2 0
github.com/pion/ion/pkg/rtc/transport/webrtctransport.go:352.2,352.17 1 0
github.com/pion/ion/pkg/rtc/transport/webrtctransport.go:349.9,351.3 1 0
github.com/pion/ion/pkg/rtc/transport/webrtctransport.go:356.59,357.16 1 0
github.com/pion/ion/pkg/rtc/transport/webrtctransport.go:360.2,364.18 4 0
github.com/pion/ion/pkg/rtc/transport/webrtctransport.go:369.2,371.16 3 0
github.com/pion/ion/pkg/rtc/transport/webrtctransport.go:376.2,376.12 1 0
github.com/pion/ion/pkg/rtc/transport/webrtctransport.go:357.16,359.3 1 0
github.com/pion/ion/pkg/rtc/transport/webrtctransport.go:364.18,367.3 2 0
github.com/pion/ion/pkg/rtc/transport/webrtctransport.go:371.16,375.3 3 0
github.com/pion/ion/pkg/rtc/transport/webrtctransport.go:380.35,381.12 1 0
github.com/pion/ion/pkg/rtc/transport/webrtctransport.go:384.2,387.15 3 0
github.com/pion/ion/pkg/rtc/transport/webrtctransport.go:381.12,383.3 1 0
github.com/pion/ion/pkg/rtc/transport/webrtctransport.go:391.49,392.12 1 0
github.com/pion/ion/pkg/rtc/transport/webrtctransport.go:392.12,393.44 1 0
github.com/pion/ion/pkg/rtc/transport/webrtctransport.go:393.44,394.8 1 0
github.com/pion/ion/pkg/rtc/transport/webrtctransport.go:394.8,395.15 1 0
github.com/pion/ion/pkg/rtc/transport/webrtctransport.go:399.5,400.19 2 0
github.com/pion/ion/pkg/rtc/transport/webrtctransport.go:407.5,407.30 1 0
github.com/pion/ion/pkg/rtc/transport/webrtctransport.go:395.15,397.6 1 0
github.com/pion/ion/pkg/rtc/transport/webrtctransport.go:400.19,401.23 1 0
github.com/pion/ion/pkg/rtc/transport/webrtctransport.go:404.6,404.39 1 0
github.com/pion/ion/pkg/rtc/transport/webrtctransport.go:401.23,403.7 1 0
github.com/pion/ion/pkg/rtc/transport/webrtctransport.go:407.30,409.6 1 0
github.com/pion/ion/pkg/rtc/transport/webrtctransport.go:417.66,421.2 3 0
github.com/pion/ion/pkg/rtc/transport/webrtctransport.go:424.67,428.2 3 0
github.com/pion/ion/pkg/rtc/transport/webrtctransport.go:431.60,432.17 1 0
github.com/pion/ion/pkg/rtc/transport/webrtctransport.go:436.2,436.43 1 0
github.com/pion/ion/pkg/rtc/transport/webrtctransport.go:432.17,434.3 1 0
github.com/pion/ion/pkg/rtc/transport/webrtctransport.go:440.47,442.2 1 0
github.com/pion/ion/pkg/rtc/transport/webrtctransport.go:445.43,447.2 1 0
github.com/pion/ion/pkg/rtc/transport/webrtctransport.go:450.58,452.2 1 0
github.com/pion/ion/pkg/rtc/transport/webrtctransport.go:455.72,457.2 1 0
github.com/pion/ion/pkg/rtc/transport/webrtctransport.go:460.46,462.2 1 0
github.com/pion/ion/pkg/rtc/rtpengine/engine.go:28.60,30.21 2 0
github.com/pion/ion/pkg/rtc/rtpengine/engine.go:33.2,36.16 4 0
github.com/pion/ion/pkg/rtc/rtpengine/engine.go:41.2,41.12 1 0
github.com/pion/ion/pkg/rtc/rtpengine/engine.go:56.2,56.16 1 0
github.com/pion/ion/pkg/rtc/rtpengine/engine.go:30.21,32.3 1 0
github.com/pion/ion/pkg/rtc/rtpengine/engine.go:36.16,39.3 2 0
github.com/pion/ion/pkg/rtc/rtpengine/engine.go:41.12,42.7 1 0
github.com/pion/ion/pkg/rtc/rtpengine/engine.go:42.7,43.12 1 0
github.com/pion/ion/pkg/rtc/rtpengine/engine.go:46.4,47.18 2 0
github.com/pion/ion/pkg/rtc/rtpengine/engine.go:51.4,53.41 2 0
github.com/pion/ion/pkg/rtc/rtpengine/engine.go:43.12,45.5 1 0
github.com/pion/ion/pkg/rtc/rtpengine/engine.go:47.18,49.13 2 0
github.com/pion/ion/pkg/rtc/rtpengine/engine.go:60.91,62.24 2 0
github.com/pion/ion/pkg/rtc/rtpengine/engine.go:65.2,70.16 6 0
github.com/pion/ion/pkg/rtc/rtpengine/engine.go:75.2,75.12 1 0
github.com/pion/ion/pkg/rtc/rtpengine/engine.go:90.2,90.16 1 0
github.com/pion/ion/pkg/rtc/rtpengine/engine.go:62.24,64.3 1 0
github.com/pion/ion/pkg/rtc/rtpengine/engine.go:70.16,73.3 2 0
github.com/pion/ion/pkg/rtc/rtpengine/engine.go:75.12,76.7 1 0
github.com/pion/ion/pkg/rtc/rtpengine/engine.go:76.7,77.12 1 0
github.com/pion/ion/pkg/rtc/rtpengine/engine.go:80.4,81.18 2 0
github.com/pion/ion/pkg/rtc/rtpengine/engine.go:85.4,87.41 2 0
github.com/pion/ion/pkg/rtc/rtpengine/engine.go:77.12,79.5 1 0
github.com/pion/ion/pkg/rtc/rtpengine/engine.go:81.18,83.13 2 0
github.com/pion/ion/pkg/rtc/rtpengine/engine.go:94.14,95.11 1 0
github.com/pion/ion/pkg/rtc/rtpengine/engine.go:98.2,100.21 3 0
github.com/pion/ion/pkg/rtc/rtpengine/engine.go:95.11,97.3 1 0
github.com/pion/ion/pkg/rtc/router.go:37.35,45.2 2 0
github.com/pion/ion/pkg/rtc/router.go:47.59,49.26 2 0
github.com/pion/ion/pkg/rtc/router.go:52.2,52.12 1 0
github.com/pion/ion/pkg/rtc/router.go:49.26,51.3 1 0
github.com/pion/ion/pkg/rtc/router.go:55.26,56.12 1 0
github.com/pion/ion/pkg/rtc/router.go:56.12,58.7 2 0
github.com/pion/ion/pkg/rtc/router.go:58.7,59.14 1 0
github.com/pion/ion/pkg/rtc/router.go:63.4,66.50 3 0
github.com/pion/ion/pkg/rtc/router.go:76.4,76.18 1 0
github.com/pion/ion/pkg/rtc/router.go:79.4,82.31 3 0
github.com/pion/ion/pkg/rtc/router.go:90.4,90.23 1 0
github.com/pion/ion/pkg/rtc/router.go:59.14,61.5 1 0
github.com/pion/ion/pkg/rtc/router.go:66.50,68.5 1 0
github.com/pion/ion/pkg/rtc/router.go:68.10,70.19 2 0
github.com/pion/ion/pkg/rtc/router.go:70.19,72.14 2 0
github.com/pion/ion/pkg/rtc/router.go:76.18,77.13 1 0
github.com/pion/ion/pkg/rtc/router.go:82.31,84.12 1 0
github.com/pion/ion/pkg/rtc/router.go:85.31,85.31 0 0
github.com/pion/ion/pkg/rtc/router.go:86.13,87.62 1 0
github.com/pion/ion/pkg/rtc/router.go:96.79,102.2 5 0
github.com/pion/ion/pkg/rtc/router.go:105.27,107.18 2 0
github.com/pion/ion/pkg/rtc/router.go:110.2,110.26 1 0
github.com/pion/ion/pkg/rtc/router.go:113.2,113.13 1 0
github.com/pion/ion/pkg/rtc/router.go:107.18,109.3 1 0
github.com/pion/ion/pkg/rtc/router.go:110.26,112.3 1 0
github.com/pion/ion/pkg/rtc/router.go:116.47,119.29 3 0
github.com/pion/ion/pkg/rtc/router.go:119.29,121.3 1 0
github.com/pion/ion/pkg/rtc/router.go:125.47,128.2 1 0
github.com/pion/ion/pkg/rtc/router.go:131.79,133.12 1 0
github.com/pion/ion/pkg/rtc/router.go:136.2,142.12 6 0
github.com/pion/ion/pkg/rtc/router.go:158.2,158.12 1 0
github.com/pion/ion/pkg/rtc/router.go:198.2,198.10 1 0
github.com/pion/ion/pkg/rtc/router.go:133.12,135.3 1 0
github.com/pion/ion/pkg/rtc/router.go:142.12,143.35 1 0
github.com/pion/ion/pkg/rtc/router.go:154.3,154.34 1 0
github.com/pion/ion/pkg/rtc/router.go:143.35,145.42 1 0
github.com/pion/ion/pkg/rtc/router.go:152.4,152.21 1 0
github.com/pion/ion/pkg/rtc/router.go:145.42,148.40 1 0
github.com/pion/ion/pkg/rtc/router.go:148.40,150.6 1 0
github.com/pion/ion/pkg/rtc/router.go:158.12,159.7 1 0
github.com/pion/ion/pkg/rtc/router.go:159.7,161.14 2 0
github.com/pion/ion/pkg/rtc/router.go:164.4,164.29 1 0
github.com/pion/ion/pkg/rtc/router.go:161.14,163.5 1 0
github.com/pion/ion/pkg/rtc/router.go:165.37,166.26 1 0
github.com/pion/ion/pkg/rtc/router.go:174.34,177.41 2 0
github.com/pion/ion/pkg/rtc/router.go:194.12,194.12 0 0
github.com/pion/ion/pkg/rtc/router.go:166.26,170.20 3 0
github.com/pion/ion/pkg/rtc/router.go:170.20,172.7 1 0
github.com/pion/ion/pkg/rtc/router.go:177.41,178.61 1 0
github.com/pion/ion/pkg/rtc/router.go:178.61,185.23 2 0
github.com/pion/ion/pkg/rtc/router.go:185.23,187.22 2 0
github.com/pion/ion/pkg/rtc/router.go:187.22,189.9 1 0
github.com/pion/ion/pkg/rtc/router.go:202.56,207.2 3 0
github.com/pion/ion/pkg/rtc/router.go:210.59,215.2 3 0
github.com/pion/ion/pkg/rtc/router.go:218.36,224.2 5 0
github.com/pion/ion/pkg/rtc/router.go:227.36,231.23 4 0
github.com/pion/ion/pkg/rtc/router.go:234.2,234.27 1 0
github.com/pion/ion/pkg/rtc/router.go:237.2,238.24 2 0
github.com/pion/ion/pkg/rtc/router.go:231.23,233.3 1 0
github.com/pion/ion/pkg/rtc/router.go:234.27,236.3 1 0
github.com/pion/ion/pkg/rtc/router.go:242.28,246.24 4 0
github.com/pion/ion/pkg/rtc/router.go:249.2,251.26 2 0
github.com/pion/ion/pkg/rtc/router.go:246.24,248.3 1 0
github.com/pion/ion/pkg/rtc/router.go:251.26,253.3 1 0
github.com/pion/ion/pkg/rtc/router.go:257.26,258.12 1 0
github.com/pion/ion/pkg/rtc/router.go:261.2,264.13 4 0
github.com/pion/ion/pkg/rtc/router.go:258.12,260.3 1 0
github.com/pion/ion/pkg/rtc/router.go:267.69,268.18 1 0
github.com/pion/ion/pkg/rtc/router.go:271.2,272.15 2 0
github.com/pion/ion/pkg/rtc/router.go:289.2,289.14 1 0
github.com/pion/ion/pkg/rtc/router.go:268.18,270.3 1 0
github.com/pion/ion/pkg/rtc/router.go:272.15,275.17 3 0
github.com/pion/ion/pkg/rtc/router.go:279.3,280.17 2 0
github.com/pion/ion/pkg/rtc/router.go:275.17,278.4 1 0
github.com/pion/ion/pkg/rtc/router.go:280.17,282.18 2 0
github.com/pion/ion/pkg/rtc/router.go:286.4,286.15 1 0
github.com/pion/ion/pkg/rtc/router.go:282.18,284.5 1 0
github.com/pion/ion/pkg/rtc/router.go:293.31,295.2 1 0
github.com/pion/ion/pkg/node/sfu/internal.go:19.34,21.117 2 0
github.com/pion/ion/pkg/node/sfu/internal.go:21.117,29.17 6 0
github.com/pion/ion/pkg/node/sfu/internal.go:40.3,40.17 1 0
github.com/pion/ion/pkg/node/sfu/internal.go:30.28,31.31 1 0
github.com/pion/ion/pkg/node/sfu/internal.go:32.30,33.33 1 0
github.com/pion/ion/pkg/node/sfu/internal.go:34.30,35.33 1 0
github.com/pion/ion/pkg/node/sfu/internal.go:36.32,37.35 1 0
github.com/pion/ion/pkg/node/sfu/internal.go:40.17,42.4 1 0
github.com/pion/ion/pkg/node/sfu/internal.go:42.9,44.4 1 0
github.com/pion/ion/pkg/node/sfu/internal.go:48.65,49.6 1 0
github.com/pion/ion/pkg/node/sfu/internal.go:49.6,51.21 2 0
github.com/pion/ion/pkg/node/sfu/internal.go:51.21,53.4 1 0
github.com/pion/ion/pkg/node/sfu/internal.go:53.9,55.4 1 0
github.com/pion/ion/pkg/node/sfu/internal.go:60.83,63.17 3 0
github.com/pion/ion/pkg/node/sfu/internal.go:66.2,77.20 10 0
github.com/pion/ion/pkg/node/sfu/internal.go:84.2,85.16 2 0
github.com/pion/ion/pkg/node/sfu/internal.go:89.2,94.16 5 0
github.com/pion/ion/pkg/node/sfu/internal.go:99.2,102.16 3 0
github.com/pion/ion/pkg/node/sfu/internal.go:107.2,108.45 2 0
github.com/pion/ion/pkg/node/sfu/internal.go:138.2,139.68 2 0
github.com/pion/ion/pkg/node/sfu/internal.go:63.17,65.3 1 0
github.com/pion/ion/pkg/node/sfu/internal.go:77.20,79.9 2 0
github.com/pion/ion/pkg/node/sfu/internal.go:79.9,82.4 2 0
github.com/pion/ion/pkg/node/sfu/internal.go:85.16,87.3 1 0
github.com/pion/ion/pkg/node/sfu/internal.go:94.16,97.3 2 0
github.com/pion/ion/pkg/node/sfu/internal.go:102.16,105.3 2 0
github.com/pion/ion/pkg/node/sfu/internal.go:108.45,109.45 1 0
github.com/pion/ion/pkg/node/sfu/internal.go:109.45,115.39 5 0
github.com/pion/ion/pkg/node/sfu/internal.go:130.4,131.34 2 0
github.com/pion/ion/pkg/node/sfu/internal.go:134.4,135.41 2 0
github.com/pion/ion/pkg/node/sfu/internal.go:115.39,116.36 1 0
github.com/pion/ion/pkg/node/sfu/internal.go:116.36,118.58 2 0
github.com/pion/ion/pkg/node/sfu/internal.go:118.58,120.12 2 0
github.com/pion/ion/pkg/node/sfu/internal.go:122.11,122.43 1 0
github.com/pion/ion/pkg/node/sfu/internal.go:122.43,124.88 2 0
github.com/pion/ion/pkg/node/sfu/internal.go:124.88,126.12 2 0
github.com/pion/ion/pkg/node/sfu/internal.go:131.34,133.5 1 0
github.com/pion/ion/pkg/node/sfu/internal.go:143.85,150.19 6 0
github.com/pion/ion/pkg/node/sfu/internal.go:155.2,155.66 1 0
github.com/pion/ion/pkg/node/sfu/internal.go:150.19,154.3 3 0
github.com/pion/ion/pkg/node/sfu/internal.go:159.85,166.19 6 0
github.com/pion/ion/pkg/node/sfu/internal.go:170.2,171.17 2 0
github.com/pion/ion/pkg/node/sfu/internal.go:175.2,183.20 7 0
github.com/pion/ion/pkg/node/sfu/internal.go:191.2,199.16 7 0
github.com/pion/ion/pkg/node/sfu/internal.go:203.2,206.37 3 0
github.com/pion/ion/pkg/node/sfu/internal.go:222.2,222.34 1 0
github.com/pion/ion/pkg/node/sfu/internal.go:236.2,238.16 3 0
github.com/pion/ion/pkg/node/sfu/internal.go:242.2,245.52 3 0
github.com/pion/ion/pkg/node/sfu/internal.go:166.19,168.3 1 0
github.com/pion/ion/pkg/node/sfu/internal.go:171.17,173.3 1 0
github.com/pion/ion/pkg/node/sfu/internal.go:183.20,185.9 2 0
github.com/pion/ion/pkg/node/sfu/internal.go:185.9,188.4 2 0
github.com/pion/ion/pkg/node/sfu/internal.go:199.16,201.3 1 0
github.com/pion/ion/pkg/node/sfu/internal.go:206.37,207.46 1 0
github.com/pion/ion/pkg/node/sfu/internal.go:207.46,219.4 4 0
github.com/pion/ion/pkg/node/sfu/internal.go:222.34,231.17 7 0
github.com/pion/ion/pkg/node/sfu/internal.go:231.17,233.4 1 0
github.com/pion/ion/pkg/node/sfu/internal.go:238.16,241.3 2 0
github.com/pion/ion/pkg/node/sfu/internal.go:249.87,253.47 4 0
github.com/pion/ion/pkg/node/sfu/internal.go:263.2,263.11 1 0
github.com/pion/ion/pkg/node/sfu/internal.go:266.2,266.88 1 0
github.com/pion/ion/pkg/node/sfu/internal.go:253.47,255.25 2 0
github.com/pion/ion/pkg/node/sfu/internal.go:255.25,256.18 1 0
github.com/pion/ion/pkg/node/sfu/internal.go:256.18,260.5 3 0
github.com/pion/ion/pkg/node/sfu/internal.go:263.11,265.3 1 0
github.com/pion/ion/pkg/discovery/node.go:28.65,36.2 5 0
github.com/pion/ion/pkg/discovery/node.go:39.40,41.2 1 0
github.com/pion/ion/pkg/discovery/node.go:44.49,46.2 1 0
github.com/pion/ion/pkg/discovery/node.go:49.47,51.2 1 0
github.com/pion/ion/pkg/discovery/node.go:54.81,60.16 6 0
github.com/pion/ion/pkg/discovery/node.go:60.16,62.3 1 0
github.com/pion/ion/pkg/discovery/node.go:73.71,81.2 3 0
github.com/pion/ion/pkg/discovery/node.go:83.76,86.2 2 0
github.com/pion/ion/pkg/discovery/node.go:88.65,89.36 1 0
github.com/pion/ion/pkg/discovery/node.go:96.2,96.19 1 0
github.com/pion/ion/pkg/discovery/node.go:89.36,90.31 1 0
github.com/pion/ion/pkg/discovery/node.go:90.31,91.16 1 0
github.com/pion/ion/pkg/discovery/node.go:91.16,93.5 1 0
github.com/pion/ion/pkg/discovery/node.go:99.59,100.42 1 0
github.com/pion/ion/pkg/discovery/node.go:108.2,108.14 1 0
github.com/pion/ion/pkg/discovery/node.go:100.42,101.25 1 0
github.com/pion/ion/pkg/discovery/node.go:101.25,102.16 1 0
github.com/pion/ion/pkg/discovery/node.go:102.16,105.5 2 0
github.com/pion/ion/pkg/discovery/node.go:111.60,112.12 1 0
github.com/pion/ion/pkg/discovery/node.go:112.12,113.7 1 0
github.com/pion/ion/pkg/discovery/node.go:113.7,115.34 2 0
github.com/pion/ion/pkg/discovery/node.go:115.34,117.44 2 0
github.com/pion/ion/pkg/discovery/node.go:117.44,121.15 4 0
github.com/pion/ion/pkg/discovery/node.go:121.15,123.29 2 0
github.com/pion/ion/pkg/discovery/node.go:126.7,126.33 1 0
github.com/pion/ion/pkg/discovery/node.go:123.29,125.8 1 0
github.com/pion/ion/pkg/discovery/node.go:135.95,138.6 3 0
github.com/pion/ion/pkg/discovery/node.go:138.6,140.17 2 0
github.com/pion/ion/pkg/discovery/node.go:144.3,146.30 2 0
github.com/pion/ion/pkg/discovery/node.go:163.3,163.30 1 0
github.com/pion/ion/pkg/discovery/node.go:140.17,142.12 2 0
github.com/pion/ion/pkg/discovery/node.go:146.30,150.48 3 0
github.com/pion/ion/pkg/discovery/node.go:154.4,154.52 1 0
github.com/pion/ion/pkg/discovery/node.go:150.48,152.5 1 0
github.com/pion/ion/pkg/discovery/node.go:154.52,161.5 5 0
github.com/pion/ion/pkg/discovery/node.go:169.33,172.19 3 0
github.com/pion/ion/pkg/discovery/node.go:175.2,175.18 1 0
github.com/pion/ion/pkg/discovery/node.go:172.19,174.3 1 0
github.com/pion/ion/pkg/discovery/node.go:179.40,181.2 1 0
github.com/pion/ion/pkg/discovery/node.go:184.38,186.2 1 0
github.com/pion/ion/pkg/signal/handle.go:15.73,18.38 3 0
github.com/pion/ion/pkg/signal/handle.go:22.2,26.118 4 0
github.com/pion/ion/pkg/signal/handle.go:46.2,46.59 1 0
github.com/pion/ion/pkg/signal/handle.go:67.2,71.44 2 0
github.com/pion/ion/pkg/signal/handle.go:89.2,89.6 1 0
github.com/pion/ion/pkg/signal/handle.go:18.38,20.3 1 0
github.com/pion/ion/pkg/signal/handle.go:26.118,29.19 3 0
github.com/pion/ion/pkg/signal/handle.go:35.3,36.18 2 0
github.com/pion/ion/pkg/signal/handle.go:42.3,43.46 2 0
github.com/pion/ion/pkg/signal/handle.go:29.19,33.4 3 0
github.com/pion/ion/pkg/signal/handle.go:36.18,40.4 3 0
github.com/pion/ion/pkg/signal/handle.go:46.59,49.19 3 0
github.com/pion/ion/pkg/signal/handle.go:55.3,56.18 2 0
github.com/pion/ion/pkg/signal/handle.go:63.3,64.51 2 0
github.com/pion/ion/pkg/signal/handle.go:49.19,53.4 3 0
github.com/pion/ion/pkg/signal/handle.go:56.18,60.4 3 0
github.com/pion/ion/pkg/signal/handle.go:71.44,76.30 5 0
github.com/pion/ion/pkg/signal/handle.go:86.3,86.62 1 0
github.com/pion/ion/pkg/signal/handle.go:76.30,77.19 1 0
github.com/pion/ion/pkg/signal/handle.go:77.19,78.20 1 0
github.com/pion/ion/pkg/signal/handle.go:83.5,83.31 1 0
github.com/pion/ion/pkg/signal/handle.go:78.20,82.6 3 0
github.com/pion/ion/pkg/signal/handle.go:89.6,90.10 1 0
github.com/pion/ion/pkg/signal/handle.go:91.37,93.27 2 0
github.com/pion/ion/pkg/signal/handle.go:94.32,96.35 2 0
github.com/pion/ion/pkg/signal/handle.go:97.30,99.35 2 0
github.com/pion/ion/pkg/rtc/rtpengine/muxrtp/streamrtp.go:28.36,30.2 1 0
github.com/pion/ion/pkg/rtc/rtpengine/muxrtp/streamrtp.go:32.70,38.9 4 0
github.com/pion/ion/pkg/rtc/rtpengine/muxrtp/streamrtp.go:44.2,53.12 7 0
github.com/pion/ion/pkg/rtc/rtpengine/muxrtp/streamrtp.go:38.9,40.3 1 0
github.com/pion/ion/pkg/rtc/rtpengine/muxrtp/streamrtp.go:40.8,40.23 1 0
github.com/pion/ion/pkg/rtc/rtpengine/muxrtp/streamrtp.go:40.23,42.3 1 0
github.com/pion/ion/pkg/rtc/rtpengine/muxrtp/streamrtp.go:56.62,59.29 2 0
github.com/pion/ion/pkg/rtc/rtpengine/muxrtp/streamrtp.go:64.2,64.15 1 0
github.com/pion/ion/pkg/rtc/rtpengine/muxrtp/streamrtp.go:59.29,62.3 1 0
github.com/pion/ion/pkg/rtc/rtpengine/muxrtp/streamrtp.go:68.55,70.2 1 0
github.com/pion/ion/pkg/rtc/rtpengine/muxrtp/streamrtp.go:73.71,75.16 2 0
github.com/pion/ion/pkg/rtc/rtpengine/muxrtp/streamrtp.go:79.2,82.16 3 0
github.com/pion/ion/pkg/rtc/rtpengine/muxrtp/streamrtp.go:86.2,86.20 1 0
github.com/pion/ion/pkg/rtc/rtpengine/muxrtp/streamrtp.go:75.16,77.3 1 0
github.com/pion/ion/pkg/rtc/rtpengine/muxrtp/streamrtp.go:82.16,84.3 1 0
github.com/pion/ion/pkg/rtc/rtpengine/muxrtp/streamrtp.go:90.39,94.17 3 0
github.com/pion/ion/pkg/rtc/rtpengine/muxrtp/streamrtp.go:98.2,98.9 1 0
github.com/pion/ion/pkg/rtc/rtpengine/muxrtp/streamrtp.go:94.17,96.3 1 0
github.com/pion/ion/pkg/rtc/rtpengine/muxrtp/streamrtp.go:99.20,100.55 1 0
github.com/pion/ion/pkg/rtc/rtpengine/muxrtp/streamrtp.go:101.10,103.17 2 0
github.com/pion/ion/pkg/rtc/rtpengine/muxrtp/streamrtp.go:107.3,108.13 2 0
github.com/pion/ion/pkg/rtc/rtpengine/muxrtp/streamrtp.go:103.17,105.4 1 0
github.com/pion/ion/pkg/rtc/rtpengine/muxrtp/streamrtp.go:114.42,116.2 1 0
github.com/pion/ion/pkg/rtc/rtpengine/muxrtp/streamrtp.go:124.84,126.2 1 0
github.com/pion/ion/pkg/rtc/rtpengine/deadline/deadline.go:19.22,27.2 3 0
github.com/pion/ion/pkg/rtc/rtpengine/deadline/deadline.go:30.37,36.9 4 0
github.com/pion/ion/pkg/rtc/rtpengine/deadline/deadline.go:45.2,48.16 3 0
github.com/pion/ion/pkg/rtc/rtpengine/deadline/deadline.go:53.2,53.35 1 0
github.com/pion/ion/pkg/rtc/rtpengine/deadline/deadline.go:68.2,69.20 2 0
github.com/pion/ion/pkg/rtc/rtpengine/deadline/deadline.go:37.20,38.35 1 0
github.com/pion/ion/pkg/rtc/rtpengine/deadline/deadline.go:39.10,41.15 2 0
github.com/pion/ion/pkg/rtc/rtpengine/deadline/deadline.go:41.15,43.4 1 0
github.com/pion/ion/pkg/rtc/rtpengine/deadline/deadline.go:48.16,51.3 2 0
github.com/pion/ion/pkg/rtc/rtpengine/deadline/deadline.go:53.35,56.13 3 0
github.com/pion/ion/pkg/rtc/rtpengine/deadline/deadline.go:65.3,65.9 1 0
github.com/pion/ion/pkg/rtc/rtpengine/deadline/deadline.go:56.13,57.11 1 0
github.com/pion/ion/pkg/rtc/rtpengine/deadline/deadline.go:58.27,60.21 2 0
github.com/pion/ion/pkg/rtc/rtpengine/deadline/deadline.go:61.18,62.20 1 0
github.com/pion/ion/pkg/rtc/rtpengine/deadline/deadline.go:73.43,77.2 3 0
github.com/pion/ion/pkg/rtc/rtc.go:32.84,35.2 1 0
github.com/pion/ion/pkg/rtc/rtc.go:38.41,41.2 2 0
github.com/pion/ion/pkg/rtc/rtc.go:44.48,46.2 1 0
github.com/pion/ion/pkg/rtc/rtc.go:49.54,56.35 4 0
github.com/pion/ion/pkg/rtc/rtc.go:61.2,61.16 1 0
github.com/pion/ion/pkg/rtc/rtc.go:65.2,65.12 1 0
github.com/pion/ion/pkg/rtc/rtc.go:88.2,88.12 1 0
github.com/pion/ion/pkg/rtc/rtc.go:56.35,58.3 1 0
github.com/pion/ion/pkg/rtc/rtc.go:58.8,60.3 1 0
github.com/pion/ion/pkg/rtc/rtc.go:61.16,64.3 2 0
github.com/pion/ion/pkg/rtc/rtc.go:65.12,66.7 1 0
github.com/pion/ion/pkg/rtc/rtc.go:66.7,67.12 1 0
github.com/pion/ion/pkg/rtc/rtc.go:70.4,73.30 4 0
github.com/pion/ion/pkg/rtc/rtc.go:78.4,78.30 1 0
github.com/pion/ion/pkg/rtc/rtc.go:82.4,83.46 2 0
github.com/pion/ion/pkg/rtc/rtc.go:67.12,69.5 1 0
github.com/pion/ion/pkg/rtc/rtc.go:73.30,77.5 3 0
github.com/pion/ion/pkg/rtc/rtc.go:78.30,81.5 2 0
github.com/pion/ion/pkg/rtc/rtc.go:83.46,85.5 1 0
github.com/pion/ion/pkg/rtc/rtc.go:91.40,94.19 3 0
github.com/pion/ion/pkg/rtc/rtc.go:97.2,97.15 1 0
github.com/pion/ion/pkg/rtc/rtc.go:94.19,96.3 1 0
github.com/pion/ion/pkg/rtc/rtc.go:101.35,106.2 4 0
github.com/pion/ion/pkg/rtc/rtc.go:109.35,114.63 5 0
github.com/pion/ion/pkg/rtc/rtc.go:119.2,119.20 1 0
github.com/pion/ion/pkg/rtc/rtc.go:114.63,117.3 2 0
github.com/pion/ion/pkg/rtc/rtc.go:123.27,126.19 3 0
github.com/pion/ion/pkg/rtc/rtc.go:129.2,132.21 4 0
github.com/pion/ion/pkg/rtc/rtc.go:126.19,128.3 1 0
github.com/pion/ion/pkg/rtc/rtc.go:136.14,137.10 1 0
github.com/pion/ion/pkg/rtc/rtc.go:140.2,143.34 4 0
github.com/pion/ion/pkg/rtc/rtc.go:137.10,139.3 1 0
github.com/pion/ion/pkg/rtc/rtc.go:143.34,144.20 1 0
github.com/pion/ion/pkg/rtc/rtc.go:144.20,147.4 2 0
github.com/pion/ion/pkg/rtc/rtc.go:152.14,154.16 2 0
github.com/pion/ion/pkg/rtc/rtc.go:154.16,158.23 4 0
github.com/pion/ion/pkg/rtc/rtc.go:162.3,162.35 1 0
github.com/pion/ion/pkg/rtc/rtc.go:179.3,180.12 2 0
github.com/pion/ion/pkg/rtc/rtc.go:158.23,160.4 1 0
github.com/pion/ion/pkg/rtc/rtc.go:162.35,163.23 1 0
github.com/pion/ion/pkg/rtc/rtc.go:169.4,171.21 3 0
github.com/pion/ion/pkg/rtc/rtc.go:163.23,168.5 4 0
github.com/pion/ion/pkg/rtc/rtc.go:171.21,172.26 1 0
github.com/pion/ion/pkg/rtc/rtc.go:172.26,174.6 1 0
github.com/pion/ion/pkg/rtc/rtc.go:175.10,177.5 1 0
github.com/pion/ion/pkg/rtc/rtc.go:180.12,182.4 1 0
github.com/pion/ion/pkg/signal/peer.go:11.64,15.2 1 0
github.com/pion/ion/pkg/signal/peer.go:29.68,31.2 1 0
github.com/pion/ion/pkg/signal/peer.go:33.24,35.2 1 0
github.com/pion/ion/pkg/signal/peer.go:37.35,39.2 1 0
github.com/pion/ion/pkg/signal/peer.go:41.36,43.2 1 0
github.com/pion/ion/pkg/signal/peer.go:45.48,47.2 1 0
github.com/pion/ion/pkg/rtc/rtpengine/muxrtp/streamrtcp.go:27.63,29.2 1 0
github.com/pion/ion/pkg/rtc/rtpengine/muxrtp/streamrtcp.go:32.37,34.2 1 0
github.com/pion/ion/pkg/rtc/rtpengine/muxrtp/streamrtcp.go:53.70,55.16 2 0
github.com/pion/ion/pkg/rtc/rtpengine/muxrtp/streamrtcp.go:59.2,59.32 1 0
github.com/pion/ion/pkg/rtc/rtpengine/muxrtp/streamrtcp.go:55.16,57.3 1 0
github.com/pion/ion/pkg/rtc/rtpengine/muxrtp/streamrtcp.go:63.54,66.29 2 0
github.com/pion/ion/pkg/rtc/rtpengine/muxrtp/streamrtcp.go:71.2,71.15 1 0
[...]
github.com/pion/ion/pkg/rtc/transport/rtptransport.go:165.12,166.7 1 6
github.com/pion/ion/pkg/rtc/transport/rtptransport.go:166.7,168.18 2 9
github.com/pion/ion/pkg/rtc/transport/rtptransport.go:174.4,174.14 1 3
github.com/pion/ion/pkg/rtc/transport/rtptransport.go:168.18,172.13 3 0
github.com/pion/ion/pkg/rtc/transport/rtptransport.go:174.14,176.9 2 3
github.com/pion/ion/pkg/rtc/transport/rtptransport.go:176.9,177.16 1 6
github.com/pion/ion/pkg/rtc/transport/rtptransport.go:180.6,181.20 2 6
github.com/pion/ion/pkg/rtc/transport/rtptransport.go:189.6,191.20 3 3
github.com/pion/ion/pkg/rtc/transport/rtptransport.go:194.6,199.27 5 3
github.com/pion/ion/pkg/rtc/transport/rtptransport.go:177.16,179.7 1 0
github.com/pion/ion/pkg/rtc/transport/rtptransport.go:181.20,185.15 3 0
github.com/pion/ion/pkg/rtc/transport/rtptransport.go:191.20,193.7 1 3
github.com/pion/ion/pkg/rtc/transport/rtptransport.go:208.55,210.2 1 7
github.com/pion/ion/pkg/rtc/transport/rtptransport.go:213.38,214.12 1 2
github.com/pion/ion/pkg/rtc/transport/rtptransport.go:214.12,215.7 1 2
github.com/pion/ion/pkg/rtc/transport/rtptransport.go:215.7,217.18 2 2
github.com/pion/ion/pkg/rtc/transport/rtptransport.go:222.4,222.14 1 0
github.com/pion/ion/pkg/rtc/transport/rtptransport.go:217.18,220.5 2 0
github.com/pion/ion/pkg/rtc/transport/rtptransport.go:222.14,224.9 2 0
github.com/pion/ion/pkg/rtc/transport/rtptransport.go:224.9,225.16 1 0
github.com/pion/ion/pkg/rtc/transport/rtptransport.go:228.6,229.20 2 0
github.com/pion/ion/pkg/rtc/transport/rtptransport.go:233.6,234.32 2 0
github.com/pion/ion/pkg/rtc/transport/rtptransport.go:225.16,227.7 1 0
github.com/pion/ion/pkg/rtc/transport/rtptransport.go:229.20,232.7 2 0
github.com/pion/ion/pkg/rtc/transport/rtptransport.go:234.32,235.25 1 0
github.com/pion/ion/pkg/rtc/transport/rtptransport.go:236.40,237.55 1 0
github.com/pion/ion/pkg/rtc/transport/rtptransport.go:238.37,240.23 2 0
github.com/pion/ion/pkg/rtc/transport/rtptransport.go:250.56,253.16 3 2
github.com/pion/ion/pkg/rtc/transport/rtptransport.go:258.2,258.19 1 2
github.com/pion/ion/pkg/rtc/transport/rtptransport.go:264.2,265.33 2 2
github.com/pion/ion/pkg/rtc/transport/rtptransport.go:268.2,268.16 1 2
github.com/pion/ion/pkg/rtc/transport/rtptransport.go:272.2,272.12 1 2
github.com/pion/ion/pkg/rtc/transport/rtptransport.go:253.16,256.3 2 0
github.com/pion/ion/pkg/rtc/transport/rtptransport.go:258.19,262.3 3 2
github.com/pion/ion/pkg/rtc/transport/rtptransport.go:265.33,267.3 1 2
github.com/pion/ion/pkg/rtc/transport/rtptransport.go:268.16,271.3 2 0
github.com/pion/ion/pkg/rtc/transport/rtptransport.go:276.63,278.16 2 0
github.com/pion/ion/pkg/rtc/transport/rtptransport.go:281.2,281.39 1 0
github.com/pion/ion/pkg/rtc/transport/rtptransport.go:278.16,280.3 1 0
github.com/pion/ion/pkg/rtc/transport/rtptransport.go:285.50,289.2 3 0
github.com/pion/ion/pkg/rtc/transport/rtptransport.go:292.57,294.16 2 0
github.com/pion/ion/pkg/rtc/transport/rtptransport.go:297.2,298.16 2 0
github.com/pion/ion/pkg/rtc/transport/rtptransport.go:301.2,301.12 1 0
github.com/pion/ion/pkg/rtc/transport/rtptransport.go:294.16,296.3 1 0
github.com/pion/ion/pkg/rtc/transport/rtptransport.go:298.16,300.3 1 0
github.com/pion/ion/pkg/rtc/transport/rtptransport.go:305.44,307.2 1 0
github.com/pion/ion/pkg/rtc/transport/rtptransport.go:310.40,312.2 1 0
github.com/pion/ion/pkg/rtc/transport/rtptransport.go:315.55,317.2 1 0
github.com/pion/ion/pkg/rtc/transport/rtptransport.go:320.46,321.19 1 4
github.com/pion/ion/pkg/rtc/transport/rtptransport.go:325.2,325.28 1 4
github.com/pion/ion/pkg/rtc/transport/rtptransport.go:321.19,324.3 2 0
github.com/pion/ion/pkg/rtc/transport/rtptransport.go:329.43,331.2 1 0
github.com/pion/ion/pkg/rtc/transport/util.go:11.55,14.8 3 7
github.com/pion/ion/pkg/rtc/transport/util.go:22.2,22.14 1 6
github.com/pion/ion/pkg/rtc/transport/util.go:14.8,16.9 2 1
github.com/pion/ion/pkg/rtc/transport/util.go:16.9,17.33 1 1
github.com/pion/ion/pkg/rtc/transport/util.go:17.33,19.5 1 1
github.com/pion/ion/pkg/rtc/transport/util.go:26.64,28.8 2 2
github.com/pion/ion/pkg/rtc/transport/util.go:34.2,34.11 1 0
github.com/pion/ion/pkg/rtc/transport/util.go:28.8,30.9 2 2
github.com/pion/ion/pkg/rtc/transport/util.go:30.9,32.4 1 2
github.com/pion/ion/pkg/rtc/transport/util.go:38.62,40.8 2 2
github.com/pion/ion/pkg/rtc/transport/util.go:56.2,56.51 1 2
github.com/pion/ion/pkg/rtc/transport/util.go:40.8,41.28 1 0
github.com/pion/ion/pkg/rtc/transport/util.go:42.12,43.40 1 0
github.com/pion/ion/pkg/rtc/transport/util.go:44.15,46.18 2 0
github.com/pion/ion/pkg/rtc/transport/util.go:49.4,49.22 1 0
github.com/pion/ion/pkg/rtc/transport/util.go:50.16,51.24 1 0
github.com/pion/ion/pkg/rtc/transport/util.go:52.11,53.47 1 0
github.com/pion/ion/pkg/rtc/transport/util.go:46.18,48.5 1 0
github.com/pion/ion/pkg/discovery/node.go:28.65,36.2 5 0
github.com/pion/ion/pkg/discovery/node.go:39.40,41.2 1 0
github.com/pion/ion/pkg/discovery/node.go:44.49,46.2 1 0
github.com/pion/ion/pkg/discovery/node.go:49.47,51.2 1 0
github.com/pion/ion/pkg/discovery/node.go:54.81,60.16 6 0
github.com/pion/ion/pkg/discovery/node.go:60.16,62.3 1 0
github.com/pion/ion/pkg/discovery/node.go:73.71,81.2 3 0
github.com/pion/ion/pkg/discovery/node.go:83.76,86.2 2 0
github.com/pion/ion/pkg/discovery/node.go:88.65,89.36 1 0
github.com/pion/ion/pkg/discovery/node.go:96.2,96.19 1 0
github.com/pion/ion/pkg/discovery/node.go:89.36,90.31 1 0
github.com/pion/ion/pkg/discovery/node.go:90.31,91.16 1 0
github.com/pion/ion/pkg/discovery/node.go:91.16,93.5 1 0
github.com/pion/ion/pkg/discovery/node.go:99.59,100.42 1 0
github.com/pion/ion/pkg/discovery/node.go:108.2,108.14 1 0
github.com/pion/ion/pkg/discovery/node.go:100.42,101.25 1 0
github.com/pion/ion/pkg/discovery/node.go:101.25,102.16 1 0
github.com/pion/ion/pkg/discovery/node.go:102.16,105.5 2 0
github.com/pion/ion/pkg/discovery/node.go:111.60,112.12 1 0
github.com/pion/ion/pkg/discovery/node.go:112.12,113.7 1 0
github.com/pion/ion/pkg/discovery/node.go:113.7,115.34 2 0
github.com/pion/ion/pkg/discovery/node.go:115.34,117.44 2 0
github.com/pion/ion/pkg/discovery/node.go:117.44,121.15 4 0
github.com/pion/ion/pkg/discovery/node.go:121.15,123.29 2 0
github.com/pion/ion/pkg/discovery/node.go:126.7,126.33 1 0
github.com/pion/ion/pkg/discovery/node.go:123.29,125.8 1 0
github.com/pion/ion/pkg/discovery/node.go:135.95,138.6 3 0
github.com/pion/ion/pkg/discovery/node.go:138.6,140.17 2 0
github.com/pion/ion/pkg/discovery/node.go:144.3,146.30 2 0
github.com/pion/ion/pkg/discovery/node.go:163.3,163.30 1 0
github.com/pion/ion/pkg/discovery/node.go:140.17,142.12 2 0
github.com/pion/ion/pkg/discovery/node.go:146.30,150.48 3 0
github.com/pion/ion/pkg/discovery/node.go:154.4,154.52 1 0
github.com/pion/ion/pkg/discovery/node.go:150.48,152.5 1 0
github.com/pion/ion/pkg/discovery/node.go:154.52,161.5 5 0
github.com/pion/ion/pkg/discovery/node.go:169.33,172.19 3 0
github.com/pion/ion/pkg/discovery/node.go:175.2,175.18 1 0
github.com/pion/ion/pkg/discovery/node.go:172.19,174.3 1 0
github.com/pion/ion/pkg/discovery/node.go:179.40,181.2 1 0
github.com/pion/ion/pkg/discovery/node.go:184.38,186.2 1 0
github.com/pion/ion/pkg/signal/peer.go:11.64,15.2 1 0
github.com/pion/ion/pkg/signal/peer.go:29.68,31.2 1 0
github.com/pion/ion/pkg/signal/peer.go:33.24,35.2 1 0
github.com/pion/ion/pkg/signal/peer.go:37.35,39.2 1 0
github.com/pion/ion/pkg/signal/peer.go:41.36,43.2 1 0
github.com/pion/ion/pkg/signal/peer.go:45.48,47.2 1 0
github.com/pion/ion/pkg/rtc/plugins/webm.go:30.41,36.2 1 0
github.com/pion/ion/pkg/rtc/plugins/webm.go:38.33,40.2 1 0
github.com/pion/ion/pkg/rtc/plugins/webm.go:42.43,43.2 0 0
github.com/pion/ion/pkg/rtc/plugins/webm.go:45.52,46.53 1 0
github.com/pion/ion/pkg/rtc/plugins/webm.go:51.2,51.29 1 0
github.com/pion/ion/pkg/rtc/plugins/webm.go:46.53,48.3 1 0
github.com/pion/ion/pkg/rtc/plugins/webm.go:48.8,48.61 1 0
github.com/pion/ion/pkg/rtc/plugins/webm.go:48.61,50.3 1 0
github.com/pion/ion/pkg/rtc/plugins/webm.go:54.49,56.2 1 0
github.com/pion/ion/pkg/rtc/plugins/webm.go:58.28,60.2 1 0
github.com/pion/ion/pkg/rtc/plugins/webm.go:62.29,64.26 2 0
github.com/pion/ion/pkg/rtc/plugins/webm.go:69.2,69.26 1 0
github.com/pion/ion/pkg/rtc/plugins/webm.go:64.26,65.47 1 0
github.com/pion/ion/pkg/rtc/plugins/webm.go:65.47,66.14 1 0
github.com/pion/ion/pkg/rtc/plugins/webm.go:69.26,70.47 1 0
github.com/pion/ion/pkg/rtc/plugins/webm.go:70.47,71.14 1 0
github.com/pion/ion/pkg/rtc/plugins/webm.go:75.53,78.6 2 0
github.com/pion/ion/pkg/rtc/plugins/webm.go:78.6,80.20 2 0
github.com/pion/ion/pkg/rtc/plugins/webm.go:83.3,83.27 1 0
github.com/pion/ion/pkg/rtc/plugins/webm.go:80.20,82.4 1 0
github.com/pion/ion/pkg/rtc/plugins/webm.go:83.27,84.29 1 0
github.com/pion/ion/pkg/rtc/plugins/webm.go:87.4,88.78 2 0
github.com/pion/ion/pkg/rtc/plugins/webm.go:84.29,86.5 1 0
github.com/pion/ion/pkg/rtc/plugins/webm.go:88.78,89.15 1 0
github.com/pion/ion/pkg/rtc/plugins/webm.go:94.52,97.6 2 0
github.com/pion/ion/pkg/rtc/plugins/webm.go:97.6,99.20 2 0
github.com/pion/ion/pkg/rtc/plugins/webm.go:103.3,104.20 2 0
github.com/pion/ion/pkg/rtc/plugins/webm.go:115.3,115.27 1 0
github.com/pion/ion/pkg/rtc/plugins/webm.go:99.20,101.4 1 0
github.com/pion/ion/pkg/rtc/plugins/webm.go:104.20,110.52 4 0
github.com/pion/ion/pkg/rtc/plugins/webm.go:110.52,113.5 1 0
github.com/pion/ion/pkg/rtc/plugins/webm.go:115.27,116.29 1 0
github.com/pion/ion/pkg/rtc/plugins/webm.go:119.4,120.87 2 0
github.com/pion/ion/pkg/rtc/plugins/webm.go:116.29,118.5 1 0
github.com/pion/ion/pkg/rtc/plugins/webm.go:120.87,121.15 1 0
github.com/pion/ion/pkg/rtc/plugins/webm.go:126.51,128.16 2 0
github.com/pion/ion/pkg/rtc/plugins/webm.go:132.2,158.16 2 0
github.com/pion/ion/pkg/rtc/plugins/webm.go:161.2,163.23 3 0
github.com/pion/ion/pkg/rtc/plugins/webm.go:128.16,129.13 1 0
github.com/pion/ion/pkg/rtc/plugins/webm.go:158.16,159.13 1 0
github.com/pion/ion/pkg/rtc/rtpengine/engine.go:28.60,30.21 2 1
github.com/pion/ion/pkg/rtc/rtpengine/engine.go:33.2,36.16 4 1
github.com/pion/ion/pkg/rtc/rtpengine/engine.go:41.2,41.12 1 1
github.com/pion/ion/pkg/rtc/rtpengine/engine.go:56.2,56.16 1 1
github.com/pion/ion/pkg/rtc/rtpengine/engine.go:30.21,32.3 1 0
github.com/pion/ion/pkg/rtc/rtpengine/engine.go:36.16,39.3 2 0
github.com/pion/ion/pkg/rtc/rtpengine/engine.go:41.12,42.7 1 1
github.com/pion/ion/pkg/rtc/rtpengine/engine.go:42.7,43.12 1 4
github.com/pion/ion/pkg/rtc/rtpengine/engine.go:46.4,47.18 2 4
github.com/pion/ion/pkg/rtc/rtpengine/engine.go:51.4,53.41 2 3
github.com/pion/ion/pkg/rtc/rtpengine/engine.go:43.12,45.5 1 0
github.com/pion/ion/pkg/rtc/rtpengine/engine.go:47.18,49.13 2 0
github.com/pion/ion/pkg/rtc/rtpengine/engine.go:60.91,62.24 2 1
github.com/pion/ion/pkg/rtc/rtpengine/engine.go:65.2,70.16 6 1
github.com/pion/ion/pkg/rtc/rtpengine/engine.go:75.2,75.12 1 1
github.com/pion/ion/pkg/rtc/rtpengine/engine.go:90.2,90.16 1 1
github.com/pion/ion/pkg/rtc/rtpengine/engine.go:62.24,64.3 1 0
github.com/pion/ion/pkg/rtc/rtpengine/engine.go:70.16,73.3 2 0
github.com/pion/ion/pkg/rtc/rtpengine/engine.go:75.12,76.7 1 1
github.com/pion/ion/pkg/rtc/rtpengine/engine.go:76.7,77.12 1 2
github.com/pion/ion/pkg/rtc/rtpengine/engine.go:80.4,81.18 2 2
github.com/pion/ion/pkg/rtc/rtpengine/engine.go:85.4,87.41 2 1
github.com/pion/ion/pkg/rtc/rtpengine/engine.go:77.12,79.5 1 0
github.com/pion/ion/pkg/rtc/rtpengine/engine.go:81.18,83.13 2 0
github.com/pion/ion/pkg/rtc/rtpengine/engine.go:94.14,95.11 1 0
github.com/pion/ion/pkg/rtc/rtpengine/engine.go:98.2,100.21 3 0
github.com/pion/ion/pkg/rtc/rtpengine/engine.go:95.11,97.3 1 0
github.com/pion/ion/pkg/rtc/rtpengine/muxrtp/streamrtp.go:28.36,30.2 1 3
github.com/pion/ion/pkg/rtc/rtpengine/muxrtp/streamrtp.go:32.70,38.9 4 3
github.com/pion/ion/pkg/rtc/rtpengine/muxrtp/streamrtp.go:44.2,53.12 7 3
github.com/pion/ion/pkg/rtc/rtpengine/muxrtp/streamrtp.go:38.9,40.3 1 0
github.com/pion/ion/pkg/rtc/rtpengine/muxrtp/streamrtp.go:40.8,40.23 1 3
github.com/pion/ion/pkg/rtc/rtpengine/muxrtp/streamrtp.go:40.23,42.3 1 0
github.com/pion/ion/pkg/rtc/rtpengine/muxrtp/streamrtp.go:56.62,59.29 2 3
github.com/pion/ion/pkg/rtc/rtpengine/muxrtp/streamrtp.go:64.2,64.15 1 3
github.com/pion/ion/pkg/rtc/rtpengine/muxrtp/streamrtp.go:59.29,62.3 1 0
github.com/pion/ion/pkg/rtc/rtpengine/muxrtp/streamrtp.go:68.55,70.2 1 6
github.com/pion/ion/pkg/rtc/rtpengine/muxrtp/streamrtp.go:73.71,75.16 2 6
github.com/pion/ion/pkg/rtc/rtpengine/muxrtp/streamrtp.go:79.2,82.16 3 3
github.com/pion/ion/pkg/rtc/rtpengine/muxrtp/streamrtp.go:86.2,86.20 1 3
github.com/pion/ion/pkg/rtc/rtpengine/muxrtp/streamrtp.go:75.16,77.3 1 0
github.com/pion/ion/pkg/rtc/rtpengine/muxrtp/streamrtp.go:82.16,84.3 1 0
github.com/pion/ion/pkg/rtc/rtpengine/muxrtp/streamrtp.go:90.39,94.17 3 0
github.com/pion/ion/pkg/rtc/rtpengine/muxrtp/streamrtp.go:98.2,98.9 1 0
github.com/pion/ion/pkg/rtc/rtpengine/muxrtp/streamrtp.go:94.17,96.3 1 0
github.com/pion/ion/pkg/rtc/rtpengine/muxrtp/streamrtp.go:99.20,100.55 1 0
github.com/pion/ion/pkg/rtc/rtpengine/muxrtp/streamrtp.go:101.10,103.17 2 0
github.com/pion/ion/pkg/rtc/rtpengine/muxrtp/streamrtp.go:107.3,108.13 2 0
github.com/pion/ion/pkg/rtc/rtpengine/muxrtp/streamrtp.go:103.17,105.4 1 0
github.com/pion/ion/pkg/rtc/rtpengine/muxrtp/streamrtp.go:114.42,116.2 1 3
github.com/pion/ion/pkg/rtc/rtpengine/muxrtp/streamrtp.go:124.84,126.2 1 2
github.com/pion/ion/pkg/rtc/rtpengine/muxrtp/mux/mux.go:30.33,41.2 3 6
github.com/pion/ion/pkg/rtc/rtpengine/muxrtp/mux/mux.go:44.50,60.2 6 12
github.com/pion/ion/pkg/rtc/rtpengine/muxrtp/mux/mux.go:63.43,67.2 3 0
github.com/pion/ion/pkg/rtc/rtpengine/muxrtp/mux/mux.go:70.29,72.29 2 0
github.com/pion/ion/pkg/rtc/rtpengine/muxrtp/mux/mux.go:80.2,83.16 3 0
github.com/pion/ion/pkg/rtc/rtpengine/muxrtp/mux/mux.go:88.2,90.12 2 0
github.com/pion/ion/pkg/rtc/rtpengine/muxrtp/mux/mux.go:72.29,74.17 2 0
github.com/pion/ion/pkg/rtc/rtpengine/muxrtp/mux/mux.go:78.3,78.25 1 0
github.com/pion/ion/pkg/rtc/rtpengine/muxrtp/mux/mux.go:74.17,76.4 1 0
github.com/pion/ion/pkg/rtc/rtpengine/muxrtp/mux/mux.go:83.16,85.3 1 0
github.com/pion/ion/pkg/rtc/rtpengine/muxrtp/mux/mux.go:93.26,94.15 1 6
github.com/pion/ion/pkg/rtc/rtpengine/muxrtp/mux/mux.go:98.2,99.6 2 6
github.com/pion/ion/pkg/rtc/rtpengine/muxrtp/mux/mux.go:94.15,96.3 1 0
github.com/pion/ion/pkg/rtc/rtpengine/muxrtp/mux/mux.go:99.6,101.17 2 10
github.com/pion/ion/pkg/rtc/rtpengine/muxrtp/mux/mux.go:105.3,106.17 2 4
github.com/pion/ion/pkg/rtc/rtpengine/muxrtp/mux/mux.go:101.17,103.4 1 0
github.com/pion/ion/pkg/rtc/rtpengine/muxrtp/mux/mux.go:106.17,108.4 1 0
github.com/pion/ion/pkg/rtc/rtpengine/muxrtp/mux/mux.go:112.42,116.32 3 4
github.com/pion/ion/pkg/rtc/rtpengine/muxrtp/mux/mux.go:122.2,124.21 2 4
github.com/pion/ion/pkg/rtc/rtpengine/muxrtp/mux/mux.go:128.2,129.16 2 3
github.com/pion/ion/pkg/rtc/rtpengine/muxrtp/mux/mux.go:133.2,133.12 1 3
github.com/pion/ion/pkg/rtc/rtpengine/muxrtp/mux/mux.go:116.32,117.13 1 5
github.com/pion/ion/pkg/rtc/rtpengine/muxrtp/mux/mux.go:117.13,119.9 2 3
github.com/pion/ion/pkg/rtc/rtpengine/muxrtp/mux/mux.go:124.21,126.3 1 1
github.com/pion/ion/pkg/rtc/rtpengine/muxrtp/mux/mux.go:129.16,131.3 1 0
github.com/pion/ion/pkg/rtc/plugins/rtpforwarder.go:27.63,30.49 3 0
github.com/pion/ion/pkg/rtc/plugins/rtpforwarder.go:35.2,39.3 1 0
github.com/pion/ion/pkg/rtc/plugins/rtpforwarder.go:30.49,32.3 1 0
github.com/pion/ion/pkg/rtc/plugins/rtpforwarder.go:32.8,34.3 1 0
github.com/pion/ion/pkg/rtc/plugins/rtpforwarder.go:43.36,45.2 1 0
github.com/pion/ion/pkg/rtc/plugins/rtpforwarder.go:48.56,51.2 2 0
github.com/pion/ion/pkg/rtc/plugins/rtpforwarder.go:54.53,56.2 1 0
github.com/pion/ion/pkg/rtc/plugins/rtpforwarder.go:59.31,61.2 1 0
github.com/pion/ion/pkg/discovery/etcd.go:28.49,34.16 2 0
github.com/pion/ion/pkg/discovery/etcd.go:39.2,42.8 1 0
github.com/pion/ion/pkg/discovery/etcd.go:34.16,37.3 2 0
github.com/pion/ion/pkg/discovery/etcd.go:45.46,47.16 2 0
github.com/pion/ion/pkg/discovery/etcd.go:51.2,52.16 2 0
github.com/pion/ion/pkg/discovery/etcd.go:57.2,58.16 2 0
github.com/pion/ion/pkg/discovery/etcd.go:62.2,62.12 1 0
github.com/pion/ion/pkg/discovery/etcd.go:73.2,77.12 5 0
github.com/pion/ion/pkg/discovery/etcd.go:47.16,50.3 2 0
github.com/pion/ion/pkg/discovery/etcd.go:52.16,55.3 2 0
github.com/pion/ion/pkg/discovery/etcd.go:58.16,61.3 2 0
github.com/pion/ion/pkg/discovery/etcd.go:62.12,63.7 1 0
github.com/pion/ion/pkg/discovery/etcd.go:63.7,64.14 1 0
github.com/pion/ion/pkg/discovery/etcd.go:69.4,70.38 2 0
github.com/pion/ion/pkg/discovery/etcd.go:64.14,66.5 1 0
github.com/pion/ion/pkg/discovery/etcd.go:80.51,85.12 5 0
github.com/pion/ion/pkg/discovery/etcd.go:90.2,90.12 1 0
github.com/pion/ion/pkg/discovery/etcd.go:85.12,87.3 1 0
github.com/pion/ion/pkg/discovery/etcd.go:87.8,89.3 1 0
github.com/pion/ion/pkg/discovery/etcd.go:93.78,94.22 1 0
github.com/pion/ion/pkg/discovery/etcd.go:97.2,97.12 1 0
github.com/pion/ion/pkg/discovery/etcd.go:103.2,103.12 1 0
github.com/pion/ion/pkg/discovery/etcd.go:94.22,96.3 1 0
github.com/pion/ion/pkg/discovery/etcd.go:97.12,99.3 1 0
github.com/pion/ion/pkg/discovery/etcd.go:99.8,101.3 1 0
github.com/pion/ion/pkg/discovery/etcd.go:130.48,133.16 3 0
github.com/pion/ion/pkg/discovery/etcd.go:137.2,138.30 2 0
github.com/pion/ion/pkg/discovery/etcd.go:141.2,143.17 2 0
github.com/pion/ion/pkg/discovery/etcd.go:133.16,136.3 2 0
github.com/pion/ion/pkg/discovery/etcd.go:138.30,140.3 1 0
github.com/pion/ion/pkg/discovery/etcd.go:146.67,149.16 3 0
github.com/pion/ion/pkg/discovery/etcd.go:153.2,154.30 2 0
github.com/pion/ion/pkg/discovery/etcd.go:157.2,159.15 2 0
github.com/pion/ion/pkg/discovery/etcd.go:149.16,152.3 2 0
github.com/pion/ion/pkg/discovery/etcd.go:154.30,156.3 1 0
github.com/pion/ion/pkg/discovery/etcd.go:163.79,168.37 4 0
github.com/pion/ion/pkg/discovery/etcd.go:174.2,174.18 1 0
github.com/pion/ion/pkg/discovery/etcd.go:168.37,173.3 4 0
github.com/pion/ion/pkg/discovery/etcd.go:177.48,182.16 5 0
github.com/pion/ion/pkg/discovery/etcd.go:189.2,189.12 1 0
github.com/pion/ion/pkg/discovery/etcd.go:182.16,184.17 2 0
github.com/pion/ion/pkg/discovery/etcd.go:184.17,186.4 1 0
github.com/pion/ion/pkg/signal/room.go:13.36,15.2 1 0
github.com/pion/ion/pkg/signal/room.go:17.28,19.2 1 0
github.com/pion/ion/pkg/signal/room.go:21.31,29.2 5 0
github.com/pion/ion/pkg/signal/room.go:31.31,37.2 5 0
github.com/pion/ion/pkg/signal/room.go:49.37,52.29 3 0
github.com/pion/ion/pkg/signal/room.go:60.2,60.12 1 0
github.com/pion/ion/pkg/signal/room.go:52.29,53.18 1 0
github.com/pion/ion/pkg/signal/room.go:56.3,56.44 1 0
github.com/pion/ion/pkg/signal/room.go:53.18,54.12 1 0
github.com/pion/ion/pkg/signal/room.go:56.44,58.4 1 0
github.com/pion/ion/pkg/signal/room.go:64.40,68.29 4 0
github.com/pion/ion/pkg/signal/room.go:77.2,77.10 1 0
github.com/pion/ion/pkg/signal/room.go:68.29,70.18 1 0
github.com/pion/ion/pkg/signal/room.go:73.3,73.44 1 0
github.com/pion/ion/pkg/signal/room.go:70.18,71.12 1 0
github.com/pion/ion/pkg/signal/room.go:73.44,75.4 1 0
github.com/pion/ion/pkg/signal/room.go:80.30,83.17 3 0
github.com/pion/ion/pkg/signal/room.go:83.17,85.3 1 0
github.com/pion/ion/pkg/signal/room.go:88.38,91.17 3 0
github.com/pion/ion/pkg/signal/room.go:94.2,94.20 1 0
github.com/pion/ion/pkg/signal/room.go:91.17,93.3 1 0
github.com/pion/ion/pkg/signal/room.go:97.43,100.17 3 0
github.com/pion/ion/pkg/signal/room.go:103.2,103.39 1 0
github.com/pion/ion/pkg/signal/room.go:100.17,102.3 1 0
github.com/pion/ion/pkg/signal/room.go:106.94,109.17 3 0
github.com/pion/ion/pkg/signal/room.go:109.17,112.3 2 0
github.com/pion/ion/pkg/signal/room.go:115.71,117.17 2 0
github.com/pion/ion/pkg/signal/room.go:117.17,118.45 1 0
github.com/pion/ion/pkg/signal/room.go:118.45,119.19 1 0
github.com/pion/ion/pkg/signal/room.go:119.19,121.5 1 0
github.com/pion/ion/pkg/signal/room.go:126.95,129.17 3 0
github.com/pion/ion/pkg/signal/room.go:129.17,130.45 1 0
github.com/pion/ion/pkg/signal/room.go:130.45,131.42 1 0
github.com/pion/ion/pkg/signal/room.go:131.42,133.5 1 0
